1:C 07 May 2020 09:50:59.699 # oO0OoO0OoO0Oo Redis is starting oO0OoO0OoO0Oo
1:C 07 May 2020 09:50:59.704 # Redis version=6.0.1, bits=64, commit=00000000, modified=0, pid=1, just started
1:C 07 May 2020 09:50:59.705 # Configuration loaded
1:M 07 May 2020 09:50:59.708 * Running mode=standalone, port=6379.
1:M 07 May 2020 09:50:59.709 # WARNING: The TCP backlog setting of 511 cannot be enforced because /proc/sys/net/core/somaxconn is set to the lower value of 128.
1:M 07 May 2020 09:50:59.711 # Server initialized
1:M 07 May 2020 09:50:59.712 # WARNING you have Transparent Huge Pages (THP) support enabled in your kernel. This will create latency and memory usage issues with Redis. To fix this issue run the command 'echo never > /sys/kernel/mm/transparent_hugepage/enabled' as root, and add it to your /etc/rc.local in order to retain the setting after a reboot. Redis must be restarted after THP is disabled.
1:M 07 May 2020 09:50:59.715 * Ready to accept connections
1:signal-handler (1588846053) Received SIGTERM scheduling shutdown...
1:M 07 May 2020 10:07:33.528 # User requested shutdown...
1:M 07 May 2020 10:07:33.530 * Calling fsync() on the AOF file.
1:M 07 May 2020 10:07:33.532 * Saving the final RDB snapshot before exiting.
1:M 07 May 2020 10:07:33.537 * DB saved on disk
1:M 07 May 2020 10:07:33.539 * Removing the pid file.
1:M 07 May 2020 10:07:33.540 # Redis is now ready to exit, bye bye...
1:C 07 May 2020 10:07:50.215 # oO0OoO0OoO0Oo Redis is starting oO0OoO0OoO0Oo
1:C 07 May 2020 10:07:50.217 # Redis version=6.0.1, bits=64, commit=00000000, modified=0, pid=1, just started
1:C 07 May 2020 10:07:50.219 # Configuration loaded
1:M 07 May 2020 10:07:50.222 * Running mode=standalone, port=6379.
1:M 07 May 2020 10:07:50.224 # WARNING: The TCP backlog setting of 511 cannot be enforced because /proc/sys/net/core/somaxconn is set to the lower value of 128.
1:M 07 May 2020 10:07:50.226 # Server initialized
1:M 07 May 2020 10:07:50.227 # WARNING you have Transparent Huge Pages (THP) support enabled in your kernel. This will create latency and memory usage issues with Redis. To fix this issue run the command 'echo never > /sys/kernel/mm/transparent_hugepage/enabled' as root, and add it to your /etc/rc.local in order to retain the setting after a reboot. Redis must be restarted after THP is disabled.
1:M 07 May 2020 10:07:50.234 * Ready to accept connections
1:signal-handler (1588895021) Received SIGTERM scheduling shutdown...
1:M 07 May 2020 23:43:41.336 # User requested shutdown...
1:M 07 May 2020 23:43:41.337 * Calling fsync() on the AOF file.
1:M 07 May 2020 23:43:41.344 * Saving the final RDB snapshot before exiting.
1:M 07 May 2020 23:43:41.352 * DB saved on disk
1:M 07 May 2020 23:43:41.354 * Removing the pid file.
1:M 07 May 2020 23:43:41.356 # Redis is now ready to exit, bye bye...
1:C 08 May 2020 00:35:20.874 # oO0OoO0OoO0Oo Redis is starting oO0OoO0OoO0Oo
1:C 08 May 2020 00:35:20.877 # Redis version=6.0.1, bits=64, commit=00000000, modified=0, pid=1, just started
1:C 08 May 2020 00:35:20.883 # Configuration loaded
1:M 08 May 2020 00:35:20.888 * Running mode=standalone, port=6379.
1:M 08 May 2020 00:35:20.897 # WARNING: The TCP backlog setting of 511 cannot be enforced because /proc/sys/net/core/somaxconn is set to the lower value of 128.
1:M 08 May 2020 00:35:20.905 # Server initialized
1:M 08 May 2020 00:35:20.910 # WARNING you have Transparent Huge Pages (THP) support enabled in your kernel. This will create latency and memory usage issues with Redis. To fix this issue run the command 'echo never > /sys/kernel/mm/transparent_hugepage/enabled' as root, and add it to your /etc/rc.local in order to retain the setting after a reboot. Redis must be restarted after THP is disabled.
1:M 08 May 2020 00:35:20.918 * Ready to accept connections
1:C 08 May 2020 01:51:16.650 # oO0OoO0OoO0Oo Redis is starting oO0OoO0OoO0Oo
1:C 08 May 2020 01:51:16.651 # Redis version=6.0.1, bits=64, commit=00000000, modified=0, pid=1, just started
1:C 08 May 2020 01:51:16.653 # Configuration loaded
1:M 08 May 2020 01:51:16.656 * Running mode=standalone, port=6379.
1:M 08 May 2020 01:51:16.657 # WARNING: The TCP backlog setting of 511 cannot be enforced because /proc/sys/net/core/somaxconn is set to the lower value of 128.
1:M 08 May 2020 01:51:16.659 # Server initialized
1:M 08 May 2020 01:51:16.661 # WARNING you have Transparent Huge Pages (THP) support enabled in your kernel. This will create latency and memory usage issues with Redis. To fix this issue run the command 'echo never > /sys/kernel/mm/transparent_hugepage/enabled' as root, and add it to your /etc/rc.local in order to retain the setting after a reboot. Redis must be restarted after THP is disabled.
1:M 08 May 2020 01:51:16.666 * Ready to accept connections
1:signal-handler (1588906150) Received SIGTERM scheduling shutdown...
1:M 08 May 2020 02:49:10.208 # User requested shutdown...
1:M 08 May 2020 02:49:10.210 * Calling fsync() on the AOF file.
1:M 08 May 2020 02:49:10.213 * Saving the final RDB snapshot before exiting.
1:M 08 May 2020 02:49:10.232 * DB saved on disk
1:M 08 May 2020 02:49:10.235 * Removing the pid file.
1:M 08 May 2020 02:49:10.239 # Redis is now ready to exit, bye bye...
1:C 08 May 2020 02:49:11.933 # oO0OoO0OoO0Oo Redis is starting oO0OoO0OoO0Oo
1:C 08 May 2020 02:49:11.936 # Redis version=6.0.1, bits=64, commit=00000000, modified=0, pid=1, just started
1:C 08 May 2020 02:49:11.941 # Configuration loaded
1:M 08 May 2020 02:49:11.947 * Running mode=standalone, port=6379.
1:M 08 May 2020 02:49:11.950 # WARNING: The TCP backlog setting of 511 cannot be enforced because /proc/sys/net/core/somaxconn is set to the lower value of 128.
1:M 08 May 2020 02:49:11.953 # Server initialized
1:M 08 May 2020 02:49:11.958 # WARNING you have Transparent Huge Pages (THP) support enabled in your kernel. This will create latency and memory usage issues with Redis. To fix this issue run the command 'echo never > /sys/kernel/mm/transparent_hugepage/enabled' as root, and add it to your /etc/rc.local in order to retain the setting after a reboot. Redis must be restarted after THP is disabled.
1:M 08 May 2020 02:49:11.966 * Ready to accept connections
1:C 08 May 2020 04:07:41.439 # oO0OoO0OoO0Oo Redis is starting oO0OoO0OoO0Oo
1:C 08 May 2020 04:07:41.441 # Redis version=6.0.1, bits=64, commit=00000000, modified=0, pid=1, just started
1:C 08 May 2020 04:07:41.444 # Configuration loaded
1:M 08 May 2020 04:07:41.450 * Running mode=standalone, port=6379.
1:M 08 May 2020 04:07:41.452 # WARNING: The TCP backlog setting of 511 cannot be enforced because /proc/sys/net/core/somaxconn is set to the lower value of 128.
1:M 08 May 2020 04:07:41.455 # Server initialized
1:M 08 May 2020 04:07:41.458 # WARNING you have Transparent Huge Pages (THP) support enabled in your kernel. This will create latency and memory usage issues with Redis. To fix this issue run the command 'echo never > /sys/kernel/mm/transparent_hugepage/enabled' as root, and add it to your /etc/rc.local in order to retain the setting after a reboot. Redis must be restarted after THP is disabled.
1:M 08 May 2020 04:07:41.469 * Ready to accept connections
1:C 08 May 2020 04:09:59.112 # oO0OoO0OoO0Oo Redis is starting oO0OoO0OoO0Oo
1:C 08 May 2020 04:09:59.117 # Redis version=6.0.1, bits=64, commit=00000000, modified=0, pid=1, just started
1:C 08 May 2020 04:09:59.122 # Configuration loaded
1:M 08 May 2020 04:09:59.136 * Running mode=standalone, port=6379.
1:M 08 May 2020 04:09:59.140 # WARNING: The TCP backlog setting of 511 cannot be enforced because /proc/sys/net/core/somaxconn is set to the lower value of 128.
1:M 08 May 2020 04:09:59.148 # Server initialized
1:M 08 May 2020 04:09:59.154 # WARNING you have Transparent Huge Pages (THP) support enabled in your kernel. This will create latency and memory usage issues with Redis. To fix this issue run the command 'echo never > /sys/kernel/mm/transparent_hugepage/enabled' as root, and add it to your /etc/rc.local in order to retain the setting after a reboot. Redis must be restarted after THP is disabled.
1:M 08 May 2020 04:09:59.161 * Ready to accept connections
1:signal-handler (1588911024) Received SIGTERM scheduling shutdown...
1:M 08 May 2020 04:10:24.702 # User requested shutdown...
1:M 08 May 2020 04:10:24.704 * Calling fsync() on the AOF file.
1:M 08 May 2020 04:10:24.705 * Saving the final RDB snapshot before exiting.
1:M 08 May 2020 04:10:24.709 * DB saved on disk
1:M 08 May 2020 04:10:24.711 * Removing the pid file.
1:M 08 May 2020 04:10:24.713 # Redis is now ready to exit, bye bye...
1:C 08 May 2020 04:10:25.999 # oO0OoO0OoO0Oo Redis is starting oO0OoO0OoO0Oo
1:C 08 May 2020 04:10:26.001 # Redis version=6.0.1, bits=64, commit=00000000, modified=0, pid=1, just started
1:C 08 May 2020 04:10:26.003 # Configuration loaded
1:M 08 May 2020 04:10:26.007 * Running mode=standalone, port=6379.
1:M 08 May 2020 04:10:26.010 # WARNING: The TCP backlog setting of 511 cannot be enforced because /proc/sys/net/core/somaxconn is set to the lower value of 128.
1:M 08 May 2020 04:10:26.011 # Server initialized
1:M 08 May 2020 04:10:26.013 # WARNING you have Transparent Huge Pages (THP) support enabled in your kernel. This will create latency and memory usage issues with Redis. To fix this issue run the command 'echo never > /sys/kernel/mm/transparent_hugepage/enabled' as root, and add it to your /etc/rc.local in order to retain the setting after a reboot. Redis must be restarted after THP is disabled.
1:M 08 May 2020 04:10:26.016 * Ready to accept connections
1:C 08 May 2020 04:12:12.227 # oO0OoO0OoO0Oo Redis is starting oO0OoO0OoO0Oo
1:C 08 May 2020 04:12:12.231 # Redis version=6.0.1, bits=64, commit=00000000, modified=0, pid=1, just started
1:C 08 May 2020 04:12:12.234 # Configuration loaded
1:M 08 May 2020 04:12:12.245 * Running mode=standalone, port=6379.
1:M 08 May 2020 04:12:12.248 # WARNING: The TCP backlog setting of 511 cannot be enforced because /proc/sys/net/core/somaxconn is set to the lower value of 128.
1:M 08 May 2020 04:12:12.252 # Server initialized
1:M 08 May 2020 04:12:12.254 # WARNING you have Transparent Huge Pages (THP) support enabled in your kernel. This will create latency and memory usage issues with Redis. To fix this issue run the command 'echo never > /sys/kernel/mm/transparent_hugepage/enabled' as root, and add it to your /etc/rc.local in order to retain the setting after a reboot. Redis must be restarted after THP is disabled.
1:M 08 May 2020 04:12:12.265 * Ready to accept connections
1:C 08 May 2020 04:56:39.012 # oO0OoO0OoO0Oo Redis is starting oO0OoO0OoO0Oo
1:C 08 May 2020 04:56:39.014 # Redis version=6.0.1, bits=64, commit=00000000, modified=0, pid=1, just started
1:C 08 May 2020 04:56:39.016 # Configuration loaded
1:M 08 May 2020 04:56:39.020 * Running mode=standalone, port=6379.
1:M 08 May 2020 04:56:39.023 # WARNING: The TCP backlog setting of 511 cannot be enforced because /proc/sys/net/core/somaxconn is set to the lower value of 128.
1:M 08 May 2020 04:56:39.027 # Server initialized
1:M 08 May 2020 04:56:39.029 # WARNING you have Transparent Huge Pages (THP) support enabled in your kernel. This will create latency and memory usage issues with Redis. To fix this issue run the command 'echo never > /sys/kernel/mm/transparent_hugepage/enabled' as root, and add it to your /etc/rc.local in order to retain the setting after a reboot. Redis must be restarted after THP is disabled.
1:M 08 May 2020 04:56:39.035 * Ready to accept connections
1:signal-handler (1588922965) Received SIGTERM scheduling shutdown...
1:M 08 May 2020 07:29:25.366 # User requested shutdown...
1:M 08 May 2020 07:29:25.433 * Calling fsync() on the AOF file.
1:M 08 May 2020 07:29:25.449 * Saving the final RDB snapshot before exiting.
1:M 08 May 2020 07:29:25.469 * DB saved on disk
1:M 08 May 2020 07:29:25.472 * Removing the pid file.
1:M 08 May 2020 07:29:25.475 # Redis is now ready to exit, bye bye...
1:C 08 May 2020 07:29:28.046 # oO0OoO0OoO0Oo Redis is starting oO0OoO0OoO0Oo
1:C 08 May 2020 07:29:28.051 # Redis version=6.0.1, bits=64, commit=00000000, modified=0, pid=1, just started
1:C 08 May 2020 07:29:28.058 # Configuration loaded
1:M 08 May 2020 07:29:28.077 * Running mode=standalone, port=6379.
1:M 08 May 2020 07:29:28.096 # WARNING: The TCP backlog setting of 511 cannot be enforced because /proc/sys/net/core/somaxconn is set to the lower value of 128.
1:M 08 May 2020 07:29:28.106 # Server initialized
1:M 08 May 2020 07:29:28.126 # WARNING you have Transparent Huge Pages (THP) support enabled in your kernel. This will create latency and memory usage issues with Redis. To fix this issue run the command 'echo never > /sys/kernel/mm/transparent_hugepage/enabled' as root, and add it to your /etc/rc.local in order to retain the setting after a reboot. Redis must be restarted after THP is disabled.
1:M 08 May 2020 07:29:28.147 * Ready to accept connections
1:C 08 May 2020 07:35:12.888 # oO0OoO0OoO0Oo Redis is starting oO0OoO0OoO0Oo
1:C 08 May 2020 07:35:12.889 # Redis version=6.0.1, bits=64, commit=00000000, modified=0, pid=1, just started
1:C 08 May 2020 07:35:12.891 # Configuration loaded
1:M 08 May 2020 07:35:12.901 * Running mode=standalone, port=6379.
1:M 08 May 2020 07:35:12.904 # WARNING: The TCP backlog setting of 511 cannot be enforced because /proc/sys/net/core/somaxconn is set to the lower value of 128.
1:M 08 May 2020 07:35:12.907 # Server initialized
1:M 08 May 2020 07:35:12.911 # WARNING you have Transparent Huge Pages (THP) support enabled in your kernel. This will create latency and memory usage issues with Redis. To fix this issue run the command 'echo never > /sys/kernel/mm/transparent_hugepage/enabled' as root, and add it to your /etc/rc.local in order to retain the setting after a reboot. Redis must be restarted after THP is disabled.
1:M 08 May 2020 07:35:12.917 * Ready to accept connections
1:C 09 May 2020 00:15:06.502 # oO0OoO0OoO0Oo Redis is starting oO0OoO0OoO0Oo
1:C 09 May 2020 00:15:06.517 # Redis version=6.0.1, bits=64, commit=00000000, modified=0, pid=1, just started
1:C 09 May 2020 00:15:06.520 # Configuration loaded
1:M 09 May 2020 00:15:06.529 * Running mode=standalone, port=6379.
1:M 09 May 2020 00:15:06.536 # WARNING: The TCP backlog setting of 511 cannot be enforced because /proc/sys/net/core/somaxconn is set to the lower value of 128.
1:M 09 May 2020 00:15:06.544 # Server initialized
1:M 09 May 2020 00:15:06.548 # WARNING you have Transparent Huge Pages (THP) support enabled in your kernel. This will create latency and memory usage issues with Redis. To fix this issue run the command 'echo never > /sys/kernel/mm/transparent_hugepage/enabled' as root, and add it to your /etc/rc.local in order to retain the setting after a reboot. Redis must be restarted after THP is disabled.
1:M 09 May 2020 00:15:06.560 * Ready to accept connections
1:C 09 May 2020 01:01:00.643 # oO0OoO0OoO0Oo Redis is starting oO0OoO0OoO0Oo
1:C 09 May 2020 01:01:00.646 # Redis version=6.0.1, bits=64, commit=00000000, modified=0, pid=1, just started
1:C 09 May 2020 01:01:00.648 # Configuration loaded
1:M 09 May 2020 01:01:00.656 * Running mode=standalone, port=6379.
1:M 09 May 2020 01:01:00.661 # WARNING: The TCP backlog setting of 511 cannot be enforced because /proc/sys/net/core/somaxconn is set to the lower value of 128.
1:M 09 May 2020 01:01:00.664 # Server initialized
1:M 09 May 2020 01:01:00.667 # WARNING you have Transparent Huge Pages (THP) support enabled in your kernel. This will create latency and memory usage issues with Redis. To fix this issue run the command 'echo never > /sys/kernel/mm/transparent_hugepage/enabled' as root, and add it to your /etc/rc.local in order to retain the setting after a reboot. Redis must be restarted after THP is disabled.
1:M 09 May 2020 01:01:00.677 * Ready to accept connections
1:C 09 May 2020 01:06:14.522 # oO0OoO0OoO0Oo Redis is starting oO0OoO0OoO0Oo
1:C 09 May 2020 01:06:14.526 # Redis version=6.0.1, bits=64, commit=00000000, modified=0, pid=1, just started
1:C 09 May 2020 01:06:14.530 # Configuration loaded
1:M 09 May 2020 01:06:14.541 * Running mode=standalone, port=6379.
1:M 09 May 2020 01:06:14.544 # WARNING: The TCP backlog setting of 511 cannot be enforced because /proc/sys/net/core/somaxconn is set to the lower value of 128.
1:M 09 May 2020 01:06:14.547 # Server initialized
1:M 09 May 2020 01:06:14.554 # WARNING you have Transparent Huge Pages (THP) support enabled in your kernel. This will create latency and memory usage issues with Redis. To fix this issue run the command 'echo never > /sys/kernel/mm/transparent_hugepage/enabled' as root, and add it to your /etc/rc.local in order to retain the setting after a reboot. Redis must be restarted after THP is disabled.
1:M 09 May 2020 01:06:14.560 * Ready to accept connections
1:signal-handler (1588987263) Received SIGTERM scheduling shutdown...
1:M 09 May 2020 01:21:03.971 # User requested shutdown...
1:M 09 May 2020 01:21:03.977 * Calling fsync() on the AOF file.
1:M 09 May 2020 01:21:03.988 * Saving the final RDB snapshot before exiting.
1:M 09 May 2020 01:21:04.016 * DB saved on disk
1:M 09 May 2020 01:21:04.029 * Removing the pid file.
1:M 09 May 2020 01:21:04.051 # Redis is now ready to exit, bye bye...
1:C 09 May 2020 01:21:06.082 # oO0OoO0OoO0Oo Redis is starting oO0OoO0OoO0Oo
1:C 09 May 2020 01:21:06.099 # Redis version=6.0.1, bits=64, commit=00000000, modified=0, pid=1, just started
1:C 09 May 2020 01:21:06.113 # Configuration loaded
1:M 09 May 2020 01:21:06.130 * Running mode=standalone, port=6379.
1:M 09 May 2020 01:21:06.136 # WARNING: The TCP backlog setting of 511 cannot be enforced because /proc/sys/net/core/somaxconn is set to the lower value of 128.
1:M 09 May 2020 01:21:06.145 # Server initialized
1:M 09 May 2020 01:21:06.159 # WARNING you have Transparent Huge Pages (THP) support enabled in your kernel. This will create latency and memory usage issues with Redis. To fix this issue run the command 'echo never > /sys/kernel/mm/transparent_hugepage/enabled' as root, and add it to your /etc/rc.local in order to retain the setting after a reboot. Redis must be restarted after THP is disabled.
1:M 09 May 2020 01:21:06.180 * Ready to accept connections
1:C 09 May 2020 01:22:44.872 # oO0OoO0OoO0Oo Redis is starting oO0OoO0OoO0Oo
1:C 09 May 2020 01:22:44.878 # Redis version=6.0.1, bits=64, commit=00000000, modified=0, pid=1, just started
1:C 09 May 2020 01:22:44.881 # Configuration loaded
1:M 09 May 2020 01:22:44.891 * Running mode=standalone, port=6379.
1:M 09 May 2020 01:22:44.894 # WARNING: The TCP backlog setting of 511 cannot be enforced because /proc/sys/net/core/somaxconn is set to the lower value of 128.
1:M 09 May 2020 01:22:44.896 # Server initialized
1:M 09 May 2020 01:22:44.900 # WARNING you have Transparent Huge Pages (THP) support enabled in your kernel. This will create latency and memory usage issues with Redis. To fix this issue run the command 'echo never > /sys/kernel/mm/transparent_hugepage/enabled' as root, and add it to your /etc/rc.local in order to retain the setting after a reboot. Redis must be restarted after THP is disabled.
1:M 09 May 2020 01:22:44.906 * Ready to accept connections
1:C 09 May 2020 01:30:56.668 # oO0OoO0OoO0Oo Redis is starting oO0OoO0OoO0Oo
1:C 09 May 2020 01:30:56.672 # Redis version=6.0.1, bits=64, commit=00000000, modified=0, pid=1, just started
1:C 09 May 2020 01:30:56.677 # Configuration loaded
1:M 09 May 2020 01:30:56.682 * Running mode=standalone, port=6379.
1:M 09 May 2020 01:30:56.684 # WARNING: The TCP backlog setting of 511 cannot be enforced because /proc/sys/net/core/somaxconn is set to the lower value of 128.
1:M 09 May 2020 01:30:56.687 # Server initialized
1:M 09 May 2020 01:30:56.690 # WARNING you have Transparent Huge Pages (THP) support enabled in your kernel. This will create latency and memory usage issues with Redis. To fix this issue run the command 'echo never > /sys/kernel/mm/transparent_hugepage/enabled' as root, and add it to your /etc/rc.local in order to retain the setting after a reboot. Redis must be restarted after THP is disabled.
1:M 09 May 2020 01:30:56.695 * Ready to accept connections
1:signal-handler (1588988611) Received SIGTERM scheduling shutdown...
1:M 09 May 2020 01:43:31.817 # User requested shutdown...
1:M 09 May 2020 01:43:31.822 * Calling fsync() on the AOF file.
1:M 09 May 2020 01:43:31.829 * Saving the final RDB snapshot before exiting.
1:M 09 May 2020 01:43:31.855 * DB saved on disk
1:M 09 May 2020 01:43:31.874 * Removing the pid file.
1:M 09 May 2020 01:43:31.883 # Redis is now ready to exit, bye bye...
1:C 09 May 2020 01:43:34.135 # oO0OoO0OoO0Oo Redis is starting oO0OoO0OoO0Oo
1:C 09 May 2020 01:43:34.143 # Redis version=6.0.1, bits=64, commit=00000000, modified=0, pid=1, just started
1:C 09 May 2020 01:43:34.146 # Configuration loaded
1:M 09 May 2020 01:43:34.168 * Running mode=standalone, port=6379.
1:M 09 May 2020 01:43:34.172 # WARNING: The TCP backlog setting of 511 cannot be enforced because /proc/sys/net/core/somaxconn is set to the lower value of 128.
1:M 09 May 2020 01:43:34.176 # Server initialized
1:M 09 May 2020 01:43:34.182 # WARNING you have Transparent Huge Pages (THP) support enabled in your kernel. This will create latency and memory usage issues with Redis. To fix this issue run the command 'echo never > /sys/kernel/mm/transparent_hugepage/enabled' as root, and add it to your /etc/rc.local in order to retain the setting after a reboot. Redis must be restarted after THP is disabled.
1:M 09 May 2020 01:43:34.202 * Ready to accept connections
1:C 11 May 2020 00:07:49.072 # oO0OoO0OoO0Oo Redis is starting oO0OoO0OoO0Oo
1:C 11 May 2020 00:07:49.074 # Redis version=6.0.1, bits=64, commit=00000000, modified=0, pid=1, just started
1:C 11 May 2020 00:07:49.076 # Configuration loaded
1:M 11 May 2020 00:07:49.080 * Running mode=standalone, port=6379.
1:M 11 May 2020 00:07:49.082 # WARNING: The TCP backlog setting of 511 cannot be enforced because /proc/sys/net/core/somaxconn is set to the lower value of 128.
1:M 11 May 2020 00:07:49.084 # Server initialized
1:M 11 May 2020 00:07:49.086 # WARNING you have Transparent Huge Pages (THP) support enabled in your kernel. This will create latency and memory usage issues with Redis. To fix this issue run the command 'echo never > /sys/kernel/mm/transparent_hugepage/enabled' as root, and add it to your /etc/rc.local in order to retain the setting after a reboot. Redis must be restarted after THP is disabled.
1:M 11 May 2020 00:07:49.089 * Ready to accept connections
1:C 11 May 2020 00:11:56.950 # oO0OoO0OoO0Oo Redis is starting oO0OoO0OoO0Oo
1:C 11 May 2020 00:11:56.952 # Redis version=6.0.1, bits=64, commit=00000000, modified=0, pid=1, just started
1:C 11 May 2020 00:11:56.954 # Configuration loaded
1:M 11 May 2020 00:11:56.957 * Running mode=standalone, port=6379.
1:M 11 May 2020 00:11:56.959 # WARNING: The TCP backlog setting of 511 cannot be enforced because /proc/sys/net/core/somaxconn is set to the lower value of 128.
1:M 11 May 2020 00:11:56.960 # Server initialized
1:M 11 May 2020 00:11:56.962 # WARNING you have Transparent Huge Pages (THP) support enabled in your kernel. This will create latency and memory usage issues with Redis. To fix this issue run the command 'echo never > /sys/kernel/mm/transparent_hugepage/enabled' as root, and add it to your /etc/rc.local in order to retain the setting after a reboot. Redis must be restarted after THP is disabled.
1:M 11 May 2020 00:11:56.964 * Ready to accept connections
1:C 11 May 2020 00:13:46.184 # oO0OoO0OoO0Oo Redis is starting oO0OoO0OoO0Oo
1:C 11 May 2020 00:13:46.187 # Redis version=6.0.1, bits=64, commit=00000000, modified=0, pid=1, just started
1:C 11 May 2020 00:13:46.189 # Configuration loaded
1:M 11 May 2020 00:13:46.195 * Running mode=standalone, port=6379.
1:M 11 May 2020 00:13:46.199 # WARNING: The TCP backlog setting of 511 cannot be enforced because /proc/sys/net/core/somaxconn is set to the lower value of 128.
1:M 11 May 2020 00:13:46.201 # Server initialized
1:M 11 May 2020 00:13:46.203 # WARNING you have Transparent Huge Pages (THP) support enabled in your kernel. This will create latency and memory usage issues with Redis. To fix this issue run the command 'echo never > /sys/kernel/mm/transparent_hugepage/enabled' as root, and add it to your /etc/rc.local in order to retain the setting after a reboot. Redis must be restarted after THP is disabled.
1:M 11 May 2020 00:13:46.207 * Ready to accept connections
1:M 11 May 2020 00:24:48.434 * 10 changes in 300 seconds. Saving...
1:M 11 May 2020 00:24:48.438 * Background saving started by pid 19
19:C 11 May 2020 00:24:48.446 * DB saved on disk
19:C 11 May 2020 00:24:48.449 * RDB: 0 MB of memory used by copy-on-write
1:M 11 May 2020 00:24:48.541 * Background saving terminated with success
1:M 11 May 2020 00:31:20.548 * 10 changes in 300 seconds. Saving...
1:M 11 May 2020 00:31:20.554 * Background saving started by pid 20
20:C 11 May 2020 00:31:20.560 * DB saved on disk
20:C 11 May 2020 00:31:20.562 * RDB: 0 MB of memory used by copy-on-write
1:M 11 May 2020 00:31:20.657 * Background saving terminated with success
1:signal-handler (1589157352) Received SIGTERM scheduling shutdown...
1:M 11 May 2020 00:35:52.955 # User requested shutdown...
1:M 11 May 2020 00:35:52.956 * Calling fsync() on the AOF file.
1:M 11 May 2020 00:35:52.958 * Saving the final RDB snapshot before exiting.
1:M 11 May 2020 00:35:52.964 * DB saved on disk
1:M 11 May 2020 00:35:52.965 * Removing the pid file.
1:M 11 May 2020 00:35:52.966 # Redis is now ready to exit, bye bye...
1:C 11 May 2020 01:12:09.822 # oO0OoO0OoO0Oo Redis is starting oO0OoO0OoO0Oo
1:C 11 May 2020 01:12:09.828 # Redis version=6.0.1, bits=64, commit=00000000, modified=0, pid=1, just started
1:C 11 May 2020 01:12:09.840 # Configuration loaded
1:M 11 May 2020 01:12:09.854 * Running mode=standalone, port=6379.
1:M 11 May 2020 01:12:09.857 # WARNING: The TCP backlog setting of 511 cannot be enforced because /proc/sys/net/core/somaxconn is set to the lower value of 128.
1:M 11 May 2020 01:12:09.859 # Server initialized
1:M 11 May 2020 01:12:09.862 # WARNING you have Transparent Huge Pages (THP) support enabled in your kernel. This will create latency and memory usage issues with Redis. To fix this issue run the command 'echo never > /sys/kernel/mm/transparent_hugepage/enabled' as root, and add it to your /etc/rc.local in order to retain the setting after a reboot. Redis must be restarted after THP is disabled.
1:M 11 May 2020 01:12:09.900 * DB loaded from append only file: 0.024 seconds
1:M 11 May 2020 01:12:09.923 * Ready to accept connections
1:C 11 May 2020 01:16:18.880 # oO0OoO0OoO0Oo Redis is starting oO0OoO0OoO0Oo
1:C 11 May 2020 01:16:18.883 # Redis version=6.0.1, bits=64, commit=00000000, modified=0, pid=1, just started
1:C 11 May 2020 01:16:18.887 # Configuration loaded
1:M 11 May 2020 01:16:18.894 * Running mode=standalone, port=6379.
1:M 11 May 2020 01:16:18.896 # WARNING: The TCP backlog setting of 511 cannot be enforced because /proc/sys/net/core/somaxconn is set to the lower value of 128.
1:M 11 May 2020 01:16:18.898 # Server initialized
1:M 11 May 2020 01:16:18.899 # WARNING you have Transparent Huge Pages (THP) support enabled in your kernel. This will create latency and memory usage issues with Redis. To fix this issue run the command 'echo never > /sys/kernel/mm/transparent_hugepage/enabled' as root, and add it to your /etc/rc.local in order to retain the setting after a reboot. Redis must be restarted after THP is disabled.
1:M 11 May 2020 01:16:18.941 * DB loaded from append only file: 0.035 seconds
1:M 11 May 2020 01:16:18.943 * Ready to accept connections
1:signal-handler (1589159852) Received SIGTERM scheduling shutdown...
1:M 11 May 2020 01:17:32.357 # User requested shutdown...
1:M 11 May 2020 01:17:32.368 * Calling fsync() on the AOF file.
1:M 11 May 2020 01:17:32.382 * Saving the final RDB snapshot before exiting.
1:M 11 May 2020 01:17:32.423 * DB saved on disk
1:M 11 May 2020 01:17:32.425 * Removing the pid file.
1:M 11 May 2020 01:17:32.427 # Redis is now ready to exit, bye bye...
1:C 11 May 2020 01:17:33.297 # oO0OoO0OoO0Oo Redis is starting oO0OoO0OoO0Oo
1:C 11 May 2020 01:17:33.301 # Redis version=6.0.1, bits=64, commit=00000000, modified=0, pid=1, just started
1:C 11 May 2020 01:17:33.304 # Configuration loaded
1:M 11 May 2020 01:17:33.312 * Running mode=standalone, port=6379.
1:M 11 May 2020 01:17:33.314 # WARNING: The TCP backlog setting of 511 cannot be enforced because /proc/sys/net/core/somaxconn is set to the lower value of 128.
1:M 11 May 2020 01:17:33.318 # Server initialized
1:M 11 May 2020 01:17:33.324 # WARNING you have Transparent Huge Pages (THP) support enabled in your kernel. This will create latency and memory usage issues with Redis. To fix this issue run the command 'echo never > /sys/kernel/mm/transparent_hugepage/enabled' as root, and add it to your /etc/rc.local in order to retain the setting after a reboot. Redis must be restarted after THP is disabled.
1:M 11 May 2020 01:17:33.343 * DB loaded from append only file: 0.013 seconds
1:M 11 May 2020 01:17:33.347 * Ready to accept connections
1:C 11 May 2020 01:19:16.668 # oO0OoO0OoO0Oo Redis is starting oO0OoO0OoO0Oo
1:C 11 May 2020 01:19:16.670 # Redis version=6.0.1, bits=64, commit=00000000, modified=0, pid=1, just started
1:C 11 May 2020 01:19:16.671 # Configuration loaded
1:M 11 May 2020 01:19:16.675 * Running mode=standalone, port=6379.
1:M 11 May 2020 01:19:16.676 # WARNING: The TCP backlog setting of 511 cannot be enforced because /proc/sys/net/core/somaxconn is set to the lower value of 128.
1:M 11 May 2020 01:19:16.678 # Server initialized
1:M 11 May 2020 01:19:16.679 # WARNING you have Transparent Huge Pages (THP) support enabled in your kernel. This will create latency and memory usage issues with Redis. To fix this issue run the command 'echo never > /sys/kernel/mm/transparent_hugepage/enabled' as root, and add it to your /etc/rc.local in order to retain the setting after a reboot. Redis must be restarted after THP is disabled.
1:M 11 May 2020 01:19:16.686 * DB loaded from append only file: 0.005 seconds
1:M 11 May 2020 01:19:16.688 * Ready to accept connections
1:M 11 May 2020 01:24:17.005 * 10 changes in 300 seconds. Saving...
1:M 11 May 2020 01:24:17.010 * Background saving started by pid 19
19:C 11 May 2020 01:24:17.017 * DB saved on disk
19:C 11 May 2020 01:24:17.019 * RDB: 0 MB of memory used by copy-on-write
1:M 11 May 2020 01:24:17.117 * Background saving terminated with success
1:M 11 May 2020 01:29:18.061 * 10 changes in 300 seconds. Saving...
1:M 11 May 2020 01:29:18.065 * Background saving started by pid 20
20:C 11 May 2020 01:29:18.071 * DB saved on disk
20:C 11 May 2020 01:29:18.073 * RDB: 0 MB of memory used by copy-on-write
1:M 11 May 2020 01:29:18.168 * Background saving terminated with success
1:C 11 May 2020 02:37:28.089 # oO0OoO0OoO0Oo Redis is starting oO0OoO0OoO0Oo
1:C 11 May 2020 02:37:28.093 # Redis version=6.0.1, bits=64, commit=00000000, modified=0, pid=1, just started
1:C 11 May 2020 02:37:28.095 # Configuration loaded
1:M 11 May 2020 02:37:28.112 * Running mode=standalone, port=6379.
1:M 11 May 2020 02:37:28.115 # WARNING: The TCP backlog setting of 511 cannot be enforced because /proc/sys/net/core/somaxconn is set to the lower value of 128.
1:M 11 May 2020 02:37:28.119 # Server initialized
1:M 11 May 2020 02:37:28.130 # WARNING you have Transparent Huge Pages (THP) support enabled in your kernel. This will create latency and memory usage issues with Redis. To fix this issue run the command 'echo never > /sys/kernel/mm/transparent_hugepage/enabled' as root, and add it to your /etc/rc.local in order to retain the setting after a reboot. Redis must be restarted after THP is disabled.
1:M 11 May 2020 02:37:28.147 * DB loaded from append only file: 0.010 seconds
1:M 11 May 2020 02:37:28.150 * Ready to accept connections
1:C 11 May 2020 02:40:57.844 # oO0OoO0OoO0Oo Redis is starting oO0OoO0OoO0Oo
1:C 11 May 2020 02:40:57.846 # Redis version=6.0.1, bits=64, commit=00000000, modified=0, pid=1, just started
1:C 11 May 2020 02:40:57.848 # Configuration loaded
1:M 11 May 2020 02:40:57.855 * Running mode=standalone, port=6379.
1:M 11 May 2020 02:40:57.857 # WARNING: The TCP backlog setting of 511 cannot be enforced because /proc/sys/net/core/somaxconn is set to the lower value of 128.
1:M 11 May 2020 02:40:57.859 # Server initialized
1:M 11 May 2020 02:40:57.861 # WARNING you have Transparent Huge Pages (THP) support enabled in your kernel. This will create latency and memory usage issues with Redis. To fix this issue run the command 'echo never > /sys/kernel/mm/transparent_hugepage/enabled' as root, and add it to your /etc/rc.local in order to retain the setting after a reboot. Redis must be restarted after THP is disabled.
1:M 11 May 2020 02:40:57.872 * DB loaded from append only file: 0.008 seconds
1:M 11 May 2020 02:40:57.875 * Ready to accept connections
1:M 11 May 2020 02:45:58.034 * 10 changes in 300 seconds. Saving...
1:M 11 May 2020 02:45:58.039 * Background saving started by pid 19
19:C 11 May 2020 02:45:58.049 * DB saved on disk
19:C 11 May 2020 02:45:58.051 * RDB: 0 MB of memory used by copy-on-write
1:M 11 May 2020 02:45:58.142 * Background saving terminated with success
1:C 11 May 2020 02:51:58.033 # oO0OoO0OoO0Oo Redis is starting oO0OoO0OoO0Oo
1:C 11 May 2020 02:51:58.035 # Redis version=6.0.1, bits=64, commit=00000000, modified=0, pid=1, just started
1:C 11 May 2020 02:51:58.036 # Configuration loaded
1:M 11 May 2020 02:51:58.040 * Running mode=standalone, port=6379.
1:M 11 May 2020 02:51:58.042 # WARNING: The TCP backlog setting of 511 cannot be enforced because /proc/sys/net/core/somaxconn is set to the lower value of 128.
1:M 11 May 2020 02:51:58.046 # Server initialized
1:M 11 May 2020 02:51:58.049 # WARNING you have Transparent Huge Pages (THP) support enabled in your kernel. This will create latency and memory usage issues with Redis. To fix this issue run the command 'echo never > /sys/kernel/mm/transparent_hugepage/enabled' as root, and add it to your /etc/rc.local in order to retain the setting after a reboot. Redis must be restarted after THP is disabled.
1:M 11 May 2020 02:51:58.060 * DB loaded from append only file: 0.009 seconds
1:M 11 May 2020 02:51:58.062 * Ready to accept connections
1:C 11 May 2020 02:55:12.608 # oO0OoO0OoO0Oo Redis is starting oO0OoO0OoO0Oo
1:C 11 May 2020 02:55:12.615 # Redis version=6.0.1, bits=64, commit=00000000, modified=0, pid=1, just started
1:C 11 May 2020 02:55:12.620 # Configuration loaded
1:M 11 May 2020 02:55:12.626 * Running mode=standalone, port=6379.
1:M 11 May 2020 02:55:12.629 # WARNING: The TCP backlog setting of 511 cannot be enforced because /proc/sys/net/core/somaxconn is set to the lower value of 128.
1:M 11 May 2020 02:55:12.631 # Server initialized
1:M 11 May 2020 02:55:12.635 # WARNING you have Transparent Huge Pages (THP) support enabled in your kernel. This will create latency and memory usage issues with Redis. To fix this issue run the command 'echo never > /sys/kernel/mm/transparent_hugepage/enabled' as root, and add it to your /etc/rc.local in order to retain the setting after a reboot. Redis must be restarted after THP is disabled.
1:M 11 May 2020 02:55:12.647 * DB loaded from append only file: 0.008 seconds
1:M 11 May 2020 02:55:12.652 * Ready to accept connections
1:M 11 May 2020 03:00:13.025 * 10 changes in 300 seconds. Saving...
1:M 11 May 2020 03:00:13.028 * Background saving started by pid 18
18:C 11 May 2020 03:00:13.037 * DB saved on disk
18:C 11 May 2020 03:00:13.040 * RDB: 0 MB of memory used by copy-on-write
1:M 11 May 2020 03:00:13.132 * Background saving terminated with success
1:C 11 May 2020 03:20:09.408 # oO0OoO0OoO0Oo Redis is starting oO0OoO0OoO0Oo
1:C 11 May 2020 03:20:09.410 # Redis version=6.0.1, bits=64, commit=00000000, modified=0, pid=1, just started
1:C 11 May 2020 03:20:09.412 # Configuration loaded
1:M 11 May 2020 03:20:09.415 * Running mode=standalone, port=6379.
1:M 11 May 2020 03:20:09.416 # WARNING: The TCP backlog setting of 511 cannot be enforced because /proc/sys/net/core/somaxconn is set to the lower value of 128.
1:M 11 May 2020 03:20:09.418 # Server initialized
1:M 11 May 2020 03:20:09.419 # WARNING you have Transparent Huge Pages (THP) support enabled in your kernel. This will create latency and memory usage issues with Redis. To fix this issue run the command 'echo never > /sys/kernel/mm/transparent_hugepage/enabled' as root, and add it to your /etc/rc.local in order to retain the setting after a reboot. Redis must be restarted after THP is disabled.
1:M 11 May 2020 03:20:09.435 * DB loaded from append only file: 0.010 seconds
1:M 11 May 2020 03:20:09.436 * Ready to accept connections
1:M 11 May 2020 03:54:36.950 * 1 changes in 900 seconds. Saving...
1:M 11 May 2020 03:54:36.173 * Background saving started by pid 19
19:C 11 May 2020 03:54:36.236 * DB saved on disk
19:C 11 May 2020 03:54:36.245 * RDB: 0 MB of memory used by copy-on-write
1:M 11 May 2020 03:54:36.300 * Background saving terminated with success
1:C 11 May 2020 03:58:40.859 # oO0OoO0OoO0Oo Redis is starting oO0OoO0OoO0Oo
1:C 11 May 2020 03:58:40.866 # Redis version=6.0.1, bits=64, commit=00000000, modified=0, pid=1, just started
1:C 11 May 2020 03:58:40.871 # Configuration loaded
1:M 11 May 2020 03:58:40.877 * Running mode=standalone, port=6379.
1:M 11 May 2020 03:58:40.882 # WARNING: The TCP backlog setting of 511 cannot be enforced because /proc/sys/net/core/somaxconn is set to the lower value of 128.
1:M 11 May 2020 03:58:40.886 # Server initialized
1:M 11 May 2020 03:58:40.888 # WARNING you have Transparent Huge Pages (THP) support enabled in your kernel. This will create latency and memory usage issues with Redis. To fix this issue run the command 'echo never > /sys/kernel/mm/transparent_hugepage/enabled' as root, and add it to your /etc/rc.local in order to retain the setting after a reboot. Redis must be restarted after THP is disabled.
1:M 11 May 2020 03:58:40.903 * DB loaded from append only file: 0.012 seconds
1:M 11 May 2020 03:58:40.908 * Ready to accept connections
1:M 11 May 2020 04:03:41.078 * 10 changes in 300 seconds. Saving...
1:M 11 May 2020 04:03:41.080 * Background saving started by pid 19
19:C 11 May 2020 04:03:41.089 * DB saved on disk
19:C 11 May 2020 04:03:41.091 * RDB: 0 MB of memory used by copy-on-write
1:M 11 May 2020 04:03:41.184 * Background saving terminated with success
1:C 11 May 2020 04:04:23.677 # oO0OoO0OoO0Oo Redis is starting oO0OoO0OoO0Oo
1:C 11 May 2020 04:04:23.679 # Redis version=6.0.1, bits=64, commit=00000000, modified=0, pid=1, just started
1:C 11 May 2020 04:04:23.681 # Configuration loaded
1:M 11 May 2020 04:04:23.684 * Running mode=standalone, port=6379.
1:M 11 May 2020 04:04:23.686 # WARNING: The TCP backlog setting of 511 cannot be enforced because /proc/sys/net/core/somaxconn is set to the lower value of 128.
1:M 11 May 2020 04:04:23.692 # Server initialized
1:M 11 May 2020 04:04:23.693 # WARNING you have Transparent Huge Pages (THP) support enabled in your kernel. This will create latency and memory usage issues with Redis. To fix this issue run the command 'echo never > /sys/kernel/mm/transparent_hugepage/enabled' as root, and add it to your /etc/rc.local in order to retain the setting after a reboot. Redis must be restarted after THP is disabled.
1:M 11 May 2020 04:04:23.701 * DB loaded from append only file: 0.005 seconds
1:M 11 May 2020 04:04:23.703 * Ready to accept connections
1:M 11 May 2020 04:09:24.098 * 10 changes in 300 seconds. Saving...
1:M 11 May 2020 04:09:24.102 * Background saving started by pid 20
20:C 11 May 2020 04:09:24.110 * DB saved on disk
20:C 11 May 2020 04:09:24.113 * RDB: 0 MB of memory used by copy-on-write
1:M 11 May 2020 04:09:24.206 * Background saving terminated with success
1:C 11 May 2020 04:11:41.342 # oO0OoO0OoO0Oo Redis is starting oO0OoO0OoO0Oo
1:C 11 May 2020 04:11:41.344 # Redis version=6.0.1, bits=64, commit=00000000, modified=0, pid=1, just started
1:C 11 May 2020 04:11:41.345 # Configuration loaded
1:M 11 May 2020 04:11:41.350 * Running mode=standalone, port=6379.
1:M 11 May 2020 04:11:41.351 # WARNING: The TCP backlog setting of 511 cannot be enforced because /proc/sys/net/core/somaxconn is set to the lower value of 128.
1:M 11 May 2020 04:11:41.353 # Server initialized
1:M 11 May 2020 04:11:41.358 # WARNING you have Transparent Huge Pages (THP) support enabled in your kernel. This will create latency and memory usage issues with Redis. To fix this issue run the command 'echo never > /sys/kernel/mm/transparent_hugepage/enabled' as root, and add it to your /etc/rc.local in order to retain the setting after a reboot. Redis must be restarted after THP is disabled.
1:M 11 May 2020 04:11:41.368 * DB loaded from append only file: 0.006 seconds
1:M 11 May 2020 04:11:41.379 * Ready to accept connections
1:M 11 May 2020 04:16:42.028 * 10 changes in 300 seconds. Saving...
1:M 11 May 2020 04:16:42.032 * Background saving started by pid 19
19:C 11 May 2020 04:16:42.042 * DB saved on disk
19:C 11 May 2020 04:16:42.045 * RDB: 0 MB of memory used by copy-on-write
1:M 11 May 2020 04:16:42.138 * Background saving terminated with success
1:C 11 May 2020 04:17:09.402 # oO0OoO0OoO0Oo Redis is starting oO0OoO0OoO0Oo
1:C 11 May 2020 04:17:09.405 # Redis version=6.0.1, bits=64, commit=00000000, modified=0, pid=1, just started
1:C 11 May 2020 04:17:09.407 # Configuration loaded
1:M 11 May 2020 04:17:09.414 * Running mode=standalone, port=6379.
1:M 11 May 2020 04:17:09.419 # WARNING: The TCP backlog setting of 511 cannot be enforced because /proc/sys/net/core/somaxconn is set to the lower value of 128.
1:M 11 May 2020 04:17:09.421 # Server initialized
1:M 11 May 2020 04:17:09.425 # WARNING you have Transparent Huge Pages (THP) support enabled in your kernel. This will create latency and memory usage issues with Redis. To fix this issue run the command 'echo never > /sys/kernel/mm/transparent_hugepage/enabled' as root, and add it to your /etc/rc.local in order to retain the setting after a reboot. Redis must be restarted after THP is disabled.
1:M 11 May 2020 04:17:09.436 * DB loaded from append only file: 0.007 seconds
1:M 11 May 2020 04:17:09.438 * Ready to accept connections
1:C 11 May 2020 04:20:37.652 # oO0OoO0OoO0Oo Redis is starting oO0OoO0OoO0Oo
1:C 11 May 2020 04:20:37.656 # Redis version=6.0.1, bits=64, commit=00000000, modified=0, pid=1, just started
1:C 11 May 2020 04:20:37.660 # Configuration loaded
1:M 11 May 2020 04:20:37.666 * Running mode=standalone, port=6379.
1:M 11 May 2020 04:20:37.670 # WARNING: The TCP backlog setting of 511 cannot be enforced because /proc/sys/net/core/somaxconn is set to the lower value of 128.
1:M 11 May 2020 04:20:37.674 # Server initialized
1:M 11 May 2020 04:20:37.680 # WARNING you have Transparent Huge Pages (THP) support enabled in your kernel. This will create latency and memory usage issues with Redis. To fix this issue run the command 'echo never > /sys/kernel/mm/transparent_hugepage/enabled' as root, and add it to your /etc/rc.local in order to retain the setting after a reboot. Redis must be restarted after THP is disabled.
1:M 11 May 2020 04:20:37.694 * DB loaded from append only file: 0.009 seconds
1:M 11 May 2020 04:20:37.696 * Ready to accept connections
1:M 11 May 2020 04:25:38.059 * 10 changes in 300 seconds. Saving...
1:M 11 May 2020 04:25:38.062 * Background saving started by pid 18
18:C 11 May 2020 04:25:38.071 * DB saved on disk
18:C 11 May 2020 04:25:38.074 * RDB: 0 MB of memory used by copy-on-write
1:M 11 May 2020 04:25:38.167 * Background saving terminated with success
1:C 11 May 2020 04:38:54.796 # oO0OoO0OoO0Oo Redis is starting oO0OoO0OoO0Oo
1:C 11 May 2020 04:38:54.798 # Redis version=6.0.1, bits=64, commit=00000000, modified=0, pid=1, just started
1:C 11 May 2020 04:38:54.799 # Configuration loaded
1:M 11 May 2020 04:38:54.802 * Running mode=standalone, port=6379.
1:M 11 May 2020 04:38:54.804 # WARNING: The TCP backlog setting of 511 cannot be enforced because /proc/sys/net/core/somaxconn is set to the lower value of 128.
1:M 11 May 2020 04:38:54.807 # Server initialized
1:M 11 May 2020 04:38:54.808 # WARNING you have Transparent Huge Pages (THP) support enabled in your kernel. This will create latency and memory usage issues with Redis. To fix this issue run the command 'echo never > /sys/kernel/mm/transparent_hugepage/enabled' as root, and add it to your /etc/rc.local in order to retain the setting after a reboot. Redis must be restarted after THP is disabled.
1:M 11 May 2020 04:38:54.814 * DB loaded from append only file: 0.004 seconds
1:M 11 May 2020 04:38:54.817 * Ready to accept connections
1:M 11 May 2020 04:43:55.049 * 10 changes in 300 seconds. Saving...
1:M 11 May 2020 04:43:55.051 * Background saving started by pid 19
19:C 11 May 2020 04:43:55.057 * DB saved on disk
19:C 11 May 2020 04:43:55.059 * RDB: 0 MB of memory used by copy-on-write
1:M 11 May 2020 04:43:55.154 * Background saving terminated with success
1:M 11 May 2020 04:49:33.221 * 10 changes in 300 seconds. Saving...
1:M 11 May 2020 04:49:33.224 * Background saving started by pid 21
21:C 11 May 2020 04:49:33.233 * DB saved on disk
21:C 11 May 2020 04:49:33.235 * RDB: 0 MB of memory used by copy-on-write
1:M 11 May 2020 04:49:33.327 * Background saving terminated with success
1:M 11 May 2020 04:54:34.029 * 10 changes in 300 seconds. Saving...
1:M 11 May 2020 04:54:34.033 * Background saving started by pid 22
22:C 11 May 2020 04:54:34.039 * DB saved on disk
22:C 11 May 2020 04:54:34.041 * RDB: 0 MB of memory used by copy-on-write
1:M 11 May 2020 04:54:34.134 * Background saving terminated with success
1:M 11 May 2020 05:01:34.853 * 10 changes in 300 seconds. Saving...
1:M 11 May 2020 05:01:34.857 * Background saving started by pid 23
23:C 11 May 2020 05:01:34.866 * DB saved on disk
23:C 11 May 2020 05:01:34.869 * RDB: 0 MB of memory used by copy-on-write
1:M 11 May 2020 05:01:34.960 * Background saving terminated with success
1:M 11 May 2020 05:06:35.056 * 10 changes in 300 seconds. Saving...
1:M 11 May 2020 05:06:35.059 * Background saving started by pid 24
24:C 11 May 2020 05:06:35.070 * DB saved on disk
24:C 11 May 2020 05:06:35.072 * RDB: 0 MB of memory used by copy-on-write
1:M 11 May 2020 05:06:35.162 * Background saving terminated with success
1:signal-handler (1589176426) Received SIGTERM scheduling shutdown...
1:M 11 May 2020 05:53:46.909 # User requested shutdown...
1:M 11 May 2020 05:53:46.911 * Calling fsync() on the AOF file.
1:M 11 May 2020 05:53:46.913 * Saving the final RDB snapshot before exiting.
1:M 11 May 2020 05:53:46.926 * DB saved on disk
1:M 11 May 2020 05:53:46.929 * Removing the pid file.
1:M 11 May 2020 05:53:46.930 # Redis is now ready to exit, bye bye...
1:C 12 May 2020 23:54:17.197 # oO0OoO0OoO0Oo Redis is starting oO0OoO0OoO0Oo
1:C 12 May 2020 23:54:17.210 # Redis version=6.0.1, bits=64, commit=00000000, modified=0, pid=1, just started
1:C 12 May 2020 23:54:17.222 # Configuration loaded
1:M 12 May 2020 23:54:17.241 * Running mode=standalone, port=6379.
1:M 12 May 2020 23:54:17.243 # WARNING: The TCP backlog setting of 511 cannot be enforced because /proc/sys/net/core/somaxconn is set to the lower value of 128.
1:M 12 May 2020 23:54:17.264 # Server initialized
1:M 12 May 2020 23:54:17.278 # WARNING you have Transparent Huge Pages (THP) support enabled in your kernel. This will create latency and memory usage issues with Redis. To fix this issue run the command 'echo never > /sys/kernel/mm/transparent_hugepage/enabled' as root, and add it to your /etc/rc.local in order to retain the setting after a reboot. Redis must be restarted after THP is disabled.
1:M 12 May 2020 23:54:17.359 * DB loaded from append only file: 0.043 seconds
1:M 12 May 2020 23:54:17.376 * Ready to accept connections
1:M 12 May 2020 23:59:18.080 * 10 changes in 300 seconds. Saving...
1:M 12 May 2020 23:59:18.092 * Background saving started by pid 20
20:C 12 May 2020 23:59:18.104 * DB saved on disk
20:C 12 May 2020 23:59:18.107 * RDB: 0 MB of memory used by copy-on-write
1:M 12 May 2020 23:59:18.197 * Background saving terminated with success
1:C 13 May 2020 06:19:44.539 # oO0OoO0OoO0Oo Redis is starting oO0OoO0OoO0Oo
1:C 13 May 2020 06:19:44.542 # Redis version=6.0.1, bits=64, commit=00000000, modified=0, pid=1, just started
1:C 13 May 2020 06:19:44.564 # Configuration loaded
1:M 13 May 2020 06:19:44.572 * Running mode=standalone, port=6379.
1:M 13 May 2020 06:19:44.580 # WARNING: The TCP backlog setting of 511 cannot be enforced because /proc/sys/net/core/somaxconn is set to the lower value of 128.
1:M 13 May 2020 06:19:44.586 # Server initialized
1:M 13 May 2020 06:19:44.591 # WARNING you have Transparent Huge Pages (THP) support enabled in your kernel. This will create latency and memory usage issues with Redis. To fix this issue run the command 'echo never > /sys/kernel/mm/transparent_hugepage/enabled' as root, and add it to your /etc/rc.local in order to retain the setting after a reboot. Redis must be restarted after THP is disabled.
1:M 13 May 2020 06:19:44.610 * DB loaded from append only file: 0.012 seconds
1:M 13 May 2020 06:19:44.612 * Ready to accept connections
1:M 13 May 2020 06:24:45.017 * 10 changes in 300 seconds. Saving...
1:M 13 May 2020 06:24:45.020 * Background saving started by pid 18
18:C 13 May 2020 06:24:45.028 * DB saved on disk
18:C 13 May 2020 06:24:45.031 * RDB: 0 MB of memory used by copy-on-write
1:M 13 May 2020 06:24:45.129 * Background saving terminated with success
1:C 13 May 2020 06:54:21.572 # oO0OoO0OoO0Oo Redis is starting oO0OoO0OoO0Oo
1:C 13 May 2020 06:54:21.585 # Redis version=6.0.1, bits=64, commit=00000000, modified=0, pid=1, just started
1:C 13 May 2020 06:54:21.596 # Configuration loaded
1:M 13 May 2020 06:54:21.627 * Running mode=standalone, port=6379.
1:M 13 May 2020 06:54:21.650 # WARNING: The TCP backlog setting of 511 cannot be enforced because /proc/sys/net/core/somaxconn is set to the lower value of 128.
1:M 13 May 2020 06:54:21.665 # Server initialized
1:M 13 May 2020 06:54:21.688 # WARNING you have Transparent Huge Pages (THP) support enabled in your kernel. This will create latency and memory usage issues with Redis. To fix this issue run the command 'echo never > /sys/kernel/mm/transparent_hugepage/enabled' as root, and add it to your /etc/rc.local in order to retain the setting after a reboot. Redis must be restarted after THP is disabled.
1:M 13 May 2020 06:54:21.741 * DB loaded from append only file: 0.035 seconds
1:M 13 May 2020 06:54:21.752 * Ready to accept connections
1:signal-handler (1589352872) Received SIGTERM scheduling shutdown...
1:M 13 May 2020 06:54:32.428 # User requested shutdown...
1:M 13 May 2020 06:54:32.429 * Calling fsync() on the AOF file.
1:M 13 May 2020 06:54:32.431 * Saving the final RDB snapshot before exiting.
1:M 13 May 2020 06:54:32.435 * DB saved on disk
1:M 13 May 2020 06:54:32.436 * Removing the pid file.
1:M 13 May 2020 06:54:32.438 # Redis is now ready to exit, bye bye...
1:C 14 May 2020 05:52:51.840 # oO0OoO0OoO0Oo Redis is starting oO0OoO0OoO0Oo
1:C 14 May 2020 05:52:51.861 # Redis version=6.0.1, bits=64, commit=00000000, modified=0, pid=1, just started
1:C 14 May 2020 05:52:51.872 # Configuration loaded
1:M 14 May 2020 05:52:51.936 * Running mode=standalone, port=6379.
1:M 14 May 2020 05:52:52.032 # WARNING: The TCP backlog setting of 511 cannot be enforced because /proc/sys/net/core/somaxconn is set to the lower value of 128.
1:M 14 May 2020 05:52:52.043 # Server initialized
1:M 14 May 2020 05:52:52.119 # WARNING you have Transparent Huge Pages (THP) support enabled in your kernel. This will create latency and memory usage issues with Redis. To fix this issue run the command 'echo never > /sys/kernel/mm/transparent_hugepage/enabled' as root, and add it to your /etc/rc.local in order to retain the setting after a reboot. Redis must be restarted after THP is disabled.
1:M 14 May 2020 05:52:52.213 * DB loaded from append only file: 0.078 seconds
1:M 14 May 2020 05:52:52.227 * Ready to accept connections
1:M 14 May 2020 05:57:52.028 * 10 changes in 300 seconds. Saving...
1:M 14 May 2020 05:57:52.035 * Background saving started by pid 20
20:C 14 May 2020 05:57:52.039 * DB saved on disk
20:C 14 May 2020 05:57:52.041 * RDB: 0 MB of memory used by copy-on-write
1:M 14 May 2020 05:57:52.139 * Background saving terminated with success
1:C 14 May 2020 23:24:10.795 # oO0OoO0OoO0Oo Redis is starting oO0OoO0OoO0Oo
1:C 14 May 2020 23:24:10.801 # Redis version=6.0.1, bits=64, commit=00000000, modified=0, pid=1, just started
1:C 14 May 2020 23:24:10.807 # Configuration loaded
1:M 14 May 2020 23:24:10.822 * Running mode=standalone, port=6379.
1:M 14 May 2020 23:24:10.827 # WARNING: The TCP backlog setting of 511 cannot be enforced because /proc/sys/net/core/somaxconn is set to the lower value of 128.
1:M 14 May 2020 23:24:10.829 # Server initialized
1:M 14 May 2020 23:24:10.833 # WARNING you have Transparent Huge Pages (THP) support enabled in your kernel. This will create latency and memory usage issues with Redis. To fix this issue run the command 'echo never > /sys/kernel/mm/transparent_hugepage/enabled' as root, and add it to your /etc/rc.local in order to retain the setting after a reboot. Redis must be restarted after THP is disabled.
1:M 14 May 2020 23:24:10.851 * DB loaded from append only file: 0.013 seconds
1:M 14 May 2020 23:24:10.856 * Ready to accept connections
1:M 14 May 2020 23:29:11.087 * 10 changes in 300 seconds. Saving...
1:M 14 May 2020 23:29:11.089 * Background saving started by pid 21
21:C 14 May 2020 23:29:11.092 * DB saved on disk
21:C 14 May 2020 23:29:11.094 * RDB: 0 MB of memory used by copy-on-write
1:M 14 May 2020 23:29:11.191 * Background saving terminated with success
1:C 23 May 2020 08:53:09.099 # oO0OoO0OoO0Oo Redis is starting oO0OoO0OoO0Oo
1:C 23 May 2020 08:53:09.105 # Redis version=6.0.1, bits=64, commit=00000000, modified=0, pid=1, just started
1:C 23 May 2020 08:53:09.109 # Configuration loaded
1:M 23 May 2020 08:53:09.118 * Running mode=standalone, port=6379.
1:M 23 May 2020 08:53:09.121 # WARNING: The TCP backlog setting of 511 cannot be enforced because /proc/sys/net/core/somaxconn is set to the lower value of 128.
1:M 23 May 2020 08:53:09.123 # Server initialized
1:M 23 May 2020 08:53:09.125 # WARNING you have Transparent Huge Pages (THP) support enabled in your kernel. This will create latency and memory usage issues with Redis. To fix this issue run the command 'echo never > /sys/kernel/mm/transparent_hugepage/enabled' as root, and add it to your /etc/rc.local in order to retain the setting after a reboot. Redis must be restarted after THP is disabled.
1:M 23 May 2020 08:53:09.134 * DB loaded from append only file: 0.006 seconds
1:M 23 May 2020 08:53:09.136 * Ready to accept connections
1:signal-handler (1590224153) Received SIGTERM scheduling shutdown...
1:M 23 May 2020 08:55:53.143 # User requested shutdown...
1:M 23 May 2020 08:55:53.144 * Calling fsync() on the AOF file.
1:M 23 May 2020 08:55:53.146 * Saving the final RDB snapshot before exiting.
1:M 23 May 2020 08:55:53.152 * DB saved on disk
1:M 23 May 2020 08:55:53.153 * Removing the pid file.
1:M 23 May 2020 08:55:53.155 # Redis is now ready to exit, bye bye...
1:C 23 May 2020 10:44:44.739 # oO0OoO0OoO0Oo Redis is starting oO0OoO0OoO0Oo
1:C 23 May 2020 10:44:44.763 # Redis version=6.0.1, bits=64, commit=00000000, modified=0, pid=1, just started
1:C 23 May 2020 10:44:44.783 # Configuration loaded
1:M 23 May 2020 10:44:44.818 * Running mode=standalone, port=6379.
1:M 23 May 2020 10:44:44.829 # WARNING: The TCP backlog setting of 511 cannot be enforced because /proc/sys/net/core/somaxconn is set to the lower value of 128.
1:M 23 May 2020 10:44:44.832 # Server initialized
1:M 23 May 2020 10:44:44.849 # WARNING you have Transparent Huge Pages (THP) support enabled in your kernel. This will create latency and memory usage issues with Redis. To fix this issue run the command 'echo never > /sys/kernel/mm/transparent_hugepage/enabled' as root, and add it to your /etc/rc.local in order to retain the setting after a reboot. Redis must be restarted after THP is disabled.
1:M 23 May 2020 10:44:44.913 * DB loaded from append only file: 0.033 seconds
1:M 23 May 2020 10:44:44.921 * Ready to accept connections
1:C 26 May 2020 04:34:18.826 # oO0OoO0OoO0Oo Redis is starting oO0OoO0OoO0Oo
1:C 26 May 2020 04:34:18.827 # Redis version=6.0.1, bits=64, commit=00000000, modified=0, pid=1, just started
1:C 26 May 2020 04:34:18.830 # Configuration loaded
1:M 26 May 2020 04:34:18.834 * Running mode=standalone, port=6379.
1:M 26 May 2020 04:34:18.836 # WARNING: The TCP backlog setting of 511 cannot be enforced because /proc/sys/net/core/somaxconn is set to the lower value of 128.
1:M 26 May 2020 04:34:18.837 # Server initialized
1:M 26 May 2020 04:34:18.840 # WARNING you have Transparent Huge Pages (THP) support enabled in your kernel. This will create latency and memory usage issues with Redis. To fix this issue run the command 'echo never > /sys/kernel/mm/transparent_hugepage/enabled' as root, and add it to your /etc/rc.local in order to retain the setting after a reboot. Redis must be restarted after THP is disabled.
1:M 26 May 2020 04:34:18.847 * DB loaded from append only file: 0.005 seconds
1:M 26 May 2020 04:34:18.849 * Ready to accept connections
1:M 26 May 2020 04:39:19.088 * 10 changes in 300 seconds. Saving...
1:M 26 May 2020 04:39:19.098 * Background saving started by pid 19
19:C 26 May 2020 04:39:19.108 * DB saved on disk
19:C 26 May 2020 04:39:19.111 * RDB: 0 MB of memory used by copy-on-write
1:M 26 May 2020 04:39:19.201 * Background saving terminated with success
1:C 26 May 2020 05:06:35.641 # oO0OoO0OoO0Oo Redis is starting oO0OoO0OoO0Oo
1:C 26 May 2020 05:06:35.645 # Redis version=6.0.1, bits=64, commit=00000000, modified=0, pid=1, just started
1:C 26 May 2020 05:06:35.648 # Configuration loaded
1:M 26 May 2020 05:06:35.657 * Running mode=standalone, port=6379.
1:M 26 May 2020 05:06:35.660 # WARNING: The TCP backlog setting of 511 cannot be enforced because /proc/sys/net/core/somaxconn is set to the lower value of 128.
1:M 26 May 2020 05:06:35.663 # Server initialized
1:M 26 May 2020 05:06:35.666 # WARNING you have Transparent Huge Pages (THP) support enabled in your kernel. This will create latency and memory usage issues with Redis. To fix this issue run the command 'echo never > /sys/kernel/mm/transparent_hugepage/enabled' as root, and add it to your /etc/rc.local in order to retain the setting after a reboot. Redis must be restarted after THP is disabled.
1:M 26 May 2020 05:06:35.686 * DB loaded from append only file: 0.016 seconds
1:M 26 May 2020 05:06:35.688 * Ready to accept connections
1:M 26 May 2020 05:11:36.015 * 10 changes in 300 seconds. Saving...
1:M 26 May 2020 05:11:36.017 * Background saving started by pid 20
20:C 26 May 2020 05:11:36.029 * DB saved on disk
20:C 26 May 2020 05:11:36.031 * RDB: 0 MB of memory used by copy-on-write
1:M 26 May 2020 05:11:36.120 * Background saving terminated with success
1:M 26 May 2020 05:26:37.025 * 1 changes in 900 seconds. Saving...
1:M 26 May 2020 05:26:37.027 * Background saving started by pid 21
21:C 26 May 2020 05:26:37.034 * DB saved on disk
21:C 26 May 2020 05:26:37.035 * RDB: 0 MB of memory used by copy-on-write
1:M 26 May 2020 05:26:37.130 * Background saving terminated with success
1:C 29 May 2020 08:37:28.614 # oO0OoO0OoO0Oo Redis is starting oO0OoO0OoO0Oo
1:C 29 May 2020 08:37:28.619 # Redis version=6.0.1, bits=64, commit=00000000, modified=0, pid=1, just started
1:C 29 May 2020 08:37:28.621 # Configuration loaded
1:M 29 May 2020 08:37:28.628 * Running mode=standalone, port=6379.
1:M 29 May 2020 08:37:28.630 # WARNING: The TCP backlog setting of 511 cannot be enforced because /proc/sys/net/core/somaxconn is set to the lower value of 128.
1:M 29 May 2020 08:37:28.632 # Server initialized
1:M 29 May 2020 08:37:28.634 # WARNING you have Transparent Huge Pages (THP) support enabled in your kernel. This will create latency and memory usage issues with Redis. To fix this issue run the command 'echo never > /sys/kernel/mm/transparent_hugepage/enabled' as root, and add it to your /etc/rc.local in order to retain the setting after a reboot. Redis must be restarted after THP is disabled.
1:M 29 May 2020 08:37:28.649 * DB loaded from append only file: 0.011 seconds
1:M 29 May 2020 08:37:28.651 * Ready to accept connections
1:C 29 May 2020 08:39:43.790 # oO0OoO0OoO0Oo Redis is starting oO0OoO0OoO0Oo
1:C 29 May 2020 08:39:43.792 # Redis version=6.0.1, bits=64, commit=00000000, modified=0, pid=1, just started
1:C 29 May 2020 08:39:43.794 # Configuration loaded
1:M 29 May 2020 08:39:43.799 * Running mode=standalone, port=6379.
1:M 29 May 2020 08:39:43.808 # WARNING: The TCP backlog setting of 511 cannot be enforced because /proc/sys/net/core/somaxconn is set to the lower value of 128.
1:M 29 May 2020 08:39:43.812 # Server initialized
1:M 29 May 2020 08:39:43.816 # WARNING you have Transparent Huge Pages (THP) support enabled in your kernel. This will create latency and memory usage issues with Redis. To fix this issue run the command 'echo never > /sys/kernel/mm/transparent_hugepage/enabled' as root, and add it to your /etc/rc.local in order to retain the setting after a reboot. Redis must be restarted after THP is disabled.
1:M 29 May 2020 08:39:43.838 * DB loaded from append only file: 0.012 seconds
1:M 29 May 2020 08:39:43.842 * Ready to accept connections
1:M 29 May 2020 08:44:44.082 * 10 changes in 300 seconds. Saving...
1:M 29 May 2020 08:44:44.085 * Background saving started by pid 20
20:C 29 May 2020 08:44:44.095 * DB saved on disk
20:C 29 May 2020 08:44:44.097 * RDB: 0 MB of memory used by copy-on-write
1:M 29 May 2020 08:44:44.188 * Background saving terminated with success
1:C 30 May 2020 01:05:13.604 # oO0OoO0OoO0Oo Redis is starting oO0OoO0OoO0Oo
1:C 30 May 2020 01:05:13.607 # Redis version=6.0.1, bits=64, commit=00000000, modified=0, pid=1, just started
1:C 30 May 2020 01:05:13.610 # Configuration loaded
1:M 30 May 2020 01:05:13.615 * Running mode=standalone, port=6379.
1:M 30 May 2020 01:05:13.617 # WARNING: The TCP backlog setting of 511 cannot be enforced because /proc/sys/net/core/somaxconn is set to the lower value of 128.
1:M 30 May 2020 01:05:13.619 # Server initialized
1:M 30 May 2020 01:05:13.621 # WARNING you have Transparent Huge Pages (THP) support enabled in your kernel. This will create latency and memory usage issues with Redis. To fix this issue run the command 'echo never > /sys/kernel/mm/transparent_hugepage/enabled' as root, and add it to your /etc/rc.local in order to retain the setting after a reboot. Redis must be restarted after THP is disabled.
1:M 30 May 2020 01:05:13.634 * DB loaded from append only file: 0.009 seconds
1:M 30 May 2020 01:05:13.636 * Ready to accept connections
1:M 30 May 2020 01:10:14.030 * 10 changes in 300 seconds. Saving...
1:M 30 May 2020 01:10:14.033 * Background saving started by pid 20
20:C 30 May 2020 01:10:14.042 * DB saved on disk
20:C 30 May 2020 01:10:14.044 * RDB: 0 MB of memory used by copy-on-write
1:M 30 May 2020 01:10:14.135 * Background saving terminated with success
1:M 30 May 2020 01:25:15.078 * 1 changes in 900 seconds. Saving...
1:M 30 May 2020 01:25:15.080 * Background saving started by pid 21
21:C 30 May 2020 01:25:15.090 * DB saved on disk
21:C 30 May 2020 01:25:15.092 * RDB: 0 MB of memory used by copy-on-write
1:M 30 May 2020 01:25:15.183 * Background saving terminated with success
1:M 30 May 2020 01:30:16.025 * 10 changes in 300 seconds. Saving...
1:M 30 May 2020 01:30:16.029 * Background saving started by pid 22
22:C 30 May 2020 01:30:16.048 * DB saved on disk
22:C 30 May 2020 01:30:16.051 * RDB: 0 MB of memory used by copy-on-write
1:M 30 May 2020 01:30:16.134 * Background saving terminated with success
1:M 30 May 2020 01:35:43.111 * 10 changes in 300 seconds. Saving...
1:M 30 May 2020 01:35:43.114 * Background saving started by pid 23
23:C 30 May 2020 01:35:43.126 * DB saved on disk
23:C 30 May 2020 01:35:43.129 * RDB: 0 MB of memory used by copy-on-write
1:M 30 May 2020 01:35:43.217 * Background saving terminated with success
1:M 30 May 2020 01:50:44.062 * 1 changes in 900 seconds. Saving...
1:M 30 May 2020 01:50:44.065 * Background saving started by pid 24
24:C 30 May 2020 01:50:44.081 * DB saved on disk
24:C 30 May 2020 01:50:44.083 * RDB: 0 MB of memory used by copy-on-write
1:M 30 May 2020 01:50:44.171 * Background saving terminated with success
1:M 30 May 2020 02:34:08.936 * 1 changes in 900 seconds. Saving...
1:M 30 May 2020 02:34:08.938 * Background saving started by pid 25
25:C 30 May 2020 02:34:08.946 * DB saved on disk
25:C 30 May 2020 02:34:08.949 * RDB: 0 MB of memory used by copy-on-write
1:M 30 May 2020 02:34:09.046 * Background saving terminated with success
1:M 30 May 2020 02:39:10.066 * 10 changes in 300 seconds. Saving...
1:M 30 May 2020 02:39:10.069 * Background saving started by pid 26
26:C 30 May 2020 02:39:10.087 * DB saved on disk
26:C 30 May 2020 02:39:10.090 * RDB: 0 MB of memory used by copy-on-write
1:M 30 May 2020 02:39:10.171 * Background saving terminated with success
1:C 30 May 2020 02:55:11.243 # oO0OoO0OoO0Oo Redis is starting oO0OoO0OoO0Oo
1:C 30 May 2020 02:55:11.245 # Redis version=6.0.1, bits=64, commit=00000000, modified=0, pid=1, just started
1:C 30 May 2020 02:55:11.248 # Configuration loaded
1:M 30 May 2020 02:55:11.252 * Running mode=standalone, port=6379.
1:M 30 May 2020 02:55:11.254 # WARNING: The TCP backlog setting of 511 cannot be enforced because /proc/sys/net/core/somaxconn is set to the lower value of 128.
1:M 30 May 2020 02:55:11.255 # Server initialized
1:M 30 May 2020 02:55:11.258 # WARNING you have Transparent Huge Pages (THP) support enabled in your kernel. This will create latency and memory usage issues with Redis. To fix this issue run the command 'echo never > /sys/kernel/mm/transparent_hugepage/enabled' as root, and add it to your /etc/rc.local in order to retain the setting after a reboot. Redis must be restarted after THP is disabled.
1:M 30 May 2020 02:55:11.265 * DB loaded from append only file: 0.005 seconds
1:M 30 May 2020 02:55:11.267 * Ready to accept connections
1:M 30 May 2020 03:00:12.079 * 10 changes in 300 seconds. Saving...
1:M 30 May 2020 03:00:12.088 * Background saving started by pid 21
21:C 30 May 2020 03:00:12.109 * DB saved on disk
21:C 30 May 2020 03:00:12.111 * RDB: 0 MB of memory used by copy-on-write
1:M 30 May 2020 03:00:12.198 * Background saving terminated with success
1:C 03 Jun 2020 04:27:37.287 # oO0OoO0OoO0Oo Redis is starting oO0OoO0OoO0Oo
1:C 03 Jun 2020 04:27:37.293 # Redis version=6.0.4, bits=64, commit=00000000, modified=0, pid=1, just started
1:C 03 Jun 2020 04:27:37.312 # Configuration loaded
1:M 03 Jun 2020 04:27:37.354 * Running mode=standalone, port=6379.
1:M 03 Jun 2020 04:27:37.386 # WARNING: The TCP backlog setting of 511 cannot be enforced because /proc/sys/net/core/somaxconn is set to the lower value of 128.
1:M 03 Jun 2020 04:27:37.477 # Server initialized
1:M 03 Jun 2020 04:27:37.548 # WARNING you have Transparent Huge Pages (THP) support enabled in your kernel. This will create latency and memory usage issues with Redis. To fix this issue run the command 'echo never > /sys/kernel/mm/transparent_hugepage/enabled' as root, and add it to your /etc/rc.local in order to retain the setting after a reboot. Redis must be restarted after THP is disabled.
1:M 03 Jun 2020 04:27:37.640 * DB loaded from append only file: 0.055 seconds
1:M 03 Jun 2020 04:27:37.644 * Ready to accept connections
1:M 03 Jun 2020 04:32:38.055 * 10 changes in 300 seconds. Saving...
1:M 03 Jun 2020 04:32:38.058 * Background saving started by pid 20
20:C 03 Jun 2020 04:32:38.068 * DB saved on disk
20:C 03 Jun 2020 04:32:38.070 * RDB: 0 MB of memory used by copy-on-write
1:M 03 Jun 2020 04:32:38.161 * Background saving terminated with success
1:M 03 Jun 2020 04:37:39.092 * 10 changes in 300 seconds. Saving...
1:M 03 Jun 2020 04:37:39.096 * Background saving started by pid 21
21:C 03 Jun 2020 04:37:39.105 * DB saved on disk
21:C 03 Jun 2020 04:37:39.107 * RDB: 0 MB of memory used by copy-on-write
1:M 03 Jun 2020 04:37:39.199 * Background saving terminated with success
1:M 03 Jun 2020 04:42:40.025 * 10 changes in 300 seconds. Saving...
1:M 03 Jun 2020 04:42:40.030 * Background saving started by pid 22
22:C 03 Jun 2020 04:42:40.043 * DB saved on disk
22:C 03 Jun 2020 04:42:40.044 * RDB: 0 MB of memory used by copy-on-write
1:M 03 Jun 2020 04:42:40.134 * Background saving terminated with success
1:C 04 Jun 2020 04:23:15.477 # oO0OoO0OoO0Oo Redis is starting oO0OoO0OoO0Oo
1:C 04 Jun 2020 04:23:15.483 # Redis version=6.0.4, bits=64, commit=00000000, modified=0, pid=1, just started
1:C 04 Jun 2020 04:23:15.538 # Configuration loaded
1:M 04 Jun 2020 04:23:15.577 * Running mode=standalone, port=6379.
1:M 04 Jun 2020 04:23:15.588 # WARNING: The TCP backlog setting of 511 cannot be enforced because /proc/sys/net/core/somaxconn is set to the lower value of 128.
1:M 04 Jun 2020 04:23:15.599 # Server initialized
1:M 04 Jun 2020 04:23:15.604 # WARNING you have Transparent Huge Pages (THP) support enabled in your kernel. This will create latency and memory usage issues with Redis. To fix this issue run the command 'echo never > /sys/kernel/mm/transparent_hugepage/enabled' as root, and add it to your /etc/rc.local in order to retain the setting after a reboot. Redis must be restarted after THP is disabled.
1:M 04 Jun 2020 04:23:15.659 * DB loaded from append only file: 0.043 seconds
1:M 04 Jun 2020 04:23:15.665 * Ready to accept connections
1:C 04 Jun 2020 04:26:58.240 # oO0OoO0OoO0Oo Redis is starting oO0OoO0OoO0Oo
1:C 04 Jun 2020 04:26:58.243 # Redis version=6.0.4, bits=64, commit=00000000, modified=0, pid=1, just started
1:C 04 Jun 2020 04:26:58.245 # Configuration loaded
1:M 04 Jun 2020 04:26:58.255 * Running mode=standalone, port=6379.
1:M 04 Jun 2020 04:26:58.258 # WARNING: The TCP backlog setting of 511 cannot be enforced because /proc/sys/net/core/somaxconn is set to the lower value of 128.
1:M 04 Jun 2020 04:26:58.262 # Server initialized
1:M 04 Jun 2020 04:26:58.267 # WARNING you have Transparent Huge Pages (THP) support enabled in your kernel. This will create latency and memory usage issues with Redis. To fix this issue run the command 'echo never > /sys/kernel/mm/transparent_hugepage/enabled' as root, and add it to your /etc/rc.local in order to retain the setting after a reboot. Redis must be restarted after THP is disabled.
1:M 04 Jun 2020 04:26:58.326 * DB loaded from append only file: 0.050 seconds
1:M 04 Jun 2020 04:26:58.329 * Ready to accept connections
1:M 04 Jun 2020 04:31:59.063 * 10 changes in 300 seconds. Saving...
1:M 04 Jun 2020 04:31:59.071 * Background saving started by pid 19
19:C 04 Jun 2020 04:31:59.090 * DB saved on disk
19:C 04 Jun 2020 04:31:59.092 * RDB: 0 MB of memory used by copy-on-write
1:M 04 Jun 2020 04:31:59.176 * Background saving terminated with success
1:M 04 Jun 2020 04:44:03.299 * 10 changes in 300 seconds. Saving...
1:M 04 Jun 2020 04:44:03.309 * Background saving started by pid 20
20:C 04 Jun 2020 04:44:03.318 * DB saved on disk
20:C 04 Jun 2020 04:44:03.322 * RDB: 0 MB of memory used by copy-on-write
1:M 04 Jun 2020 04:44:03.415 * Background saving terminated with success
1:M 04 Jun 2020 04:59:04.058 * 1 changes in 900 seconds. Saving...
1:M 04 Jun 2020 04:59:04.062 * Background saving started by pid 21
21:C 04 Jun 2020 04:59:04.071 * DB saved on disk
21:C 04 Jun 2020 04:59:04.076 * RDB: 0 MB of memory used by copy-on-write
1:M 04 Jun 2020 04:59:04.165 * Background saving terminated with success
1:M 04 Jun 2020 08:03:50.684 * 1 changes in 900 seconds. Saving...
1:M 04 Jun 2020 08:03:50.693 * Background saving started by pid 22
22:C 04 Jun 2020 08:03:50.705 * DB saved on disk
22:C 04 Jun 2020 08:03:50.708 * RDB: 0 MB of memory used by copy-on-write
1:M 04 Jun 2020 08:03:50.796 * Background saving terminated with success
1:C 04 Jun 2020 08:31:06.025 # oO0OoO0OoO0Oo Redis is starting oO0OoO0OoO0Oo
1:C 04 Jun 2020 08:31:06.029 # Redis version=6.0.4, bits=64, commit=00000000, modified=0, pid=1, just started
1:C 04 Jun 2020 08:31:06.032 # Configuration loaded
1:M 04 Jun 2020 08:31:06.061 * Running mode=standalone, port=6379.
1:M 04 Jun 2020 08:31:06.068 # WARNING: The TCP backlog setting of 511 cannot be enforced because /proc/sys/net/core/somaxconn is set to the lower value of 128.
1:M 04 Jun 2020 08:31:06.072 # Server initialized
1:M 04 Jun 2020 08:31:06.073 # WARNING you have Transparent Huge Pages (THP) support enabled in your kernel. This will create latency and memory usage issues with Redis. To fix this issue run the command 'echo never > /sys/kernel/mm/transparent_hugepage/enabled' as root, and add it to your /etc/rc.local in order to retain the setting after a reboot. Redis must be restarted after THP is disabled.
1:M 04 Jun 2020 08:31:06.109 * DB loaded from append only file: 0.027 seconds
1:M 04 Jun 2020 08:31:06.116 * Ready to accept connections
1:M 04 Jun 2020 08:36:07.039 * 10 changes in 300 seconds. Saving...
1:M 04 Jun 2020 08:36:07.043 * Background saving started by pid 20
20:C 04 Jun 2020 08:36:07.050 * DB saved on disk
20:C 04 Jun 2020 08:36:07.054 * RDB: 0 MB of memory used by copy-on-write
1:M 04 Jun 2020 08:36:07.148 * Background saving terminated with success
1:M 04 Jun 2020 08:46:58.645 * 10 changes in 300 seconds. Saving...
1:M 04 Jun 2020 08:46:58.649 * Background saving started by pid 21
21:C 04 Jun 2020 08:46:58.662 * DB saved on disk
21:C 04 Jun 2020 08:46:58.665 * RDB: 0 MB of memory used by copy-on-write
1:M 04 Jun 2020 08:46:58.753 * Background saving terminated with success
1:M 04 Jun 2020 08:51:59.056 * 10 changes in 300 seconds. Saving...
1:M 04 Jun 2020 08:51:59.060 * Background saving started by pid 22
22:C 04 Jun 2020 08:51:59.070 * DB saved on disk
22:C 04 Jun 2020 08:51:59.072 * RDB: 0 MB of memory used by copy-on-write
1:M 04 Jun 2020 08:51:59.163 * Background saving terminated with success
1:M 04 Jun 2020 09:10:13.086 * 1 changes in 900 seconds. Saving...
1:M 04 Jun 2020 09:10:13.118 * Background saving started by pid 23
23:C 04 Jun 2020 09:10:13.209 * DB saved on disk
23:C 04 Jun 2020 09:10:13.212 * RDB: 0 MB of memory used by copy-on-write
1:M 04 Jun 2020 09:10:13.261 * Background saving terminated with success
1:C 04 Jun 2020 09:23:42.389 # oO0OoO0OoO0Oo Redis is starting oO0OoO0OoO0Oo
1:C 04 Jun 2020 09:23:42.391 # Redis version=6.0.4, bits=64, commit=00000000, modified=0, pid=1, just started
1:C 04 Jun 2020 09:23:42.394 # Configuration loaded
1:M 04 Jun 2020 09:23:42.403 * Running mode=standalone, port=6379.
1:M 04 Jun 2020 09:23:42.405 # WARNING: The TCP backlog setting of 511 cannot be enforced because /proc/sys/net/core/somaxconn is set to the lower value of 128.
1:M 04 Jun 2020 09:23:42.407 # Server initialized
1:M 04 Jun 2020 09:23:42.417 # WARNING you have Transparent Huge Pages (THP) support enabled in your kernel. This will create latency and memory usage issues with Redis. To fix this issue run the command 'echo never > /sys/kernel/mm/transparent_hugepage/enabled' as root, and add it to your /etc/rc.local in order to retain the setting after a reboot. Redis must be restarted after THP is disabled.
1:M 04 Jun 2020 09:23:42.453 * DB loaded from append only file: 0.029 seconds
1:M 04 Jun 2020 09:23:42.456 * Ready to accept connections
1:M 04 Jun 2020 09:28:43.079 * 10 changes in 300 seconds. Saving...
1:M 04 Jun 2020 09:28:43.083 * Background saving started by pid 20
20:C 04 Jun 2020 09:28:43.097 * DB saved on disk
20:C 04 Jun 2020 09:28:43.099 * RDB: 0 MB of memory used by copy-on-write
1:M 04 Jun 2020 09:28:43.187 * Background saving terminated with success
1:M 04 Jun 2020 09:37:21.536 * 10 changes in 300 seconds. Saving...
1:M 04 Jun 2020 09:37:21.561 * Background saving started by pid 21
21:C 04 Jun 2020 09:37:21.576 * DB saved on disk
21:C 04 Jun 2020 09:37:21.580 * RDB: 0 MB of memory used by copy-on-write
1:M 04 Jun 2020 09:37:21.664 * Background saving terminated with success
1:M 04 Jun 2020 11:24:18.890 * 1 changes in 900 seconds. Saving...
1:M 04 Jun 2020 11:24:18.898 * Background saving started by pid 22
22:C 04 Jun 2020 11:24:18.929 * DB saved on disk
22:C 04 Jun 2020 11:24:18.932 * RDB: 0 MB of memory used by copy-on-write
1:M 04 Jun 2020 11:24:19.002 * Background saving terminated with success
1:M 04 Jun 2020 11:29:20.037 * 10 changes in 300 seconds. Saving...
1:M 04 Jun 2020 11:29:20.040 * Background saving started by pid 23
23:C 04 Jun 2020 11:29:20.052 * DB saved on disk
23:C 04 Jun 2020 11:29:20.054 * RDB: 0 MB of memory used by copy-on-write
1:M 04 Jun 2020 11:29:20.143 * Background saving terminated with success
1:C 04 Jun 2020 23:34:42.943 # oO0OoO0OoO0Oo Redis is starting oO0OoO0OoO0Oo
1:C 04 Jun 2020 23:34:42.946 # Redis version=6.0.4, bits=64, commit=00000000, modified=0, pid=1, just started
1:C 04 Jun 2020 23:34:42.948 # Configuration loaded
1:M 04 Jun 2020 23:34:42.967 * Running mode=standalone, port=6379.
1:M 04 Jun 2020 23:34:42.970 # WARNING: The TCP backlog setting of 511 cannot be enforced because /proc/sys/net/core/somaxconn is set to the lower value of 128.
1:M 04 Jun 2020 23:34:42.974 # Server initialized
1:M 04 Jun 2020 23:34:42.984 # WARNING you have Transparent Huge Pages (THP) support enabled in your kernel. This will create latency and memory usage issues with Redis. To fix this issue run the command 'echo never > /sys/kernel/mm/transparent_hugepage/enabled' as root, and add it to your /etc/rc.local in order to retain the setting after a reboot. Redis must be restarted after THP is disabled.
1:M 04 Jun 2020 23:34:43.027 * DB loaded from append only file: 0.035 seconds
1:M 04 Jun 2020 23:34:43.030 * Ready to accept connections
1:M 04 Jun 2020 23:39:43.007 * 10 changes in 300 seconds. Saving...
1:M 04 Jun 2020 23:39:43.011 * Background saving started by pid 20
20:C 04 Jun 2020 23:39:43.019 * DB saved on disk
20:C 04 Jun 2020 23:39:43.021 * RDB: 0 MB of memory used by copy-on-write
1:M 04 Jun 2020 23:39:43.113 * Background saving terminated with success
1:C 05 Jun 2020 06:35:49.000 # oO0OoO0OoO0Oo Redis is starting oO0OoO0OoO0Oo
1:C 05 Jun 2020 06:35:49.005 # Redis version=6.0.4, bits=64, commit=00000000, modified=0, pid=1, just started
1:C 05 Jun 2020 06:35:49.007 # Configuration loaded
1:M 05 Jun 2020 06:35:49.020 * Running mode=standalone, port=6379.
1:M 05 Jun 2020 06:35:49.024 # WARNING: The TCP backlog setting of 511 cannot be enforced because /proc/sys/net/core/somaxconn is set to the lower value of 128.
1:M 05 Jun 2020 06:35:49.027 # Server initialized
1:M 05 Jun 2020 06:35:49.034 # WARNING you have Transparent Huge Pages (THP) support enabled in your kernel. This will create latency and memory usage issues with Redis. To fix this issue run the command 'echo never > /sys/kernel/mm/transparent_hugepage/enabled' as root, and add it to your /etc/rc.local in order to retain the setting after a reboot. Redis must be restarted after THP is disabled.
1:M 05 Jun 2020 06:35:49.051 * DB loaded from append only file: 0.013 seconds
1:M 05 Jun 2020 06:35:49.052 * Ready to accept connections
1:M 05 Jun 2020 06:40:50.098 * 10 changes in 300 seconds. Saving...
1:M 05 Jun 2020 06:40:50.101 * Background saving started by pid 20
20:C 05 Jun 2020 06:40:50.108 * DB saved on disk
20:C 05 Jun 2020 06:40:50.111 * RDB: 0 MB of memory used by copy-on-write
1:M 05 Jun 2020 06:40:50.205 * Background saving terminated with success
1:C 05 Jun 2020 06:47:41.925 # oO0OoO0OoO0Oo Redis is starting oO0OoO0OoO0Oo
1:C 05 Jun 2020 06:47:41.927 # Redis version=6.0.4, bits=64, commit=00000000, modified=0, pid=1, just started
1:C 05 Jun 2020 06:47:41.928 # Configuration loaded
1:M 05 Jun 2020 06:47:41.937 * Running mode=standalone, port=6379.
1:M 05 Jun 2020 06:47:41.939 # WARNING: The TCP backlog setting of 511 cannot be enforced because /proc/sys/net/core/somaxconn is set to the lower value of 128.
1:M 05 Jun 2020 06:47:41.940 # Server initialized
1:M 05 Jun 2020 06:47:41.942 # WARNING you have Transparent Huge Pages (THP) support enabled in your kernel. This will create latency and memory usage issues with Redis. To fix this issue run the command 'echo never > /sys/kernel/mm/transparent_hugepage/enabled' as root, and add it to your /etc/rc.local in order to retain the setting after a reboot. Redis must be restarted after THP is disabled.
1:M 05 Jun 2020 06:47:41.963 * DB loaded from append only file: 0.017 seconds
1:M 05 Jun 2020 06:47:41.966 * Ready to accept connections
1:M 05 Jun 2020 06:52:42.045 * 10 changes in 300 seconds. Saving...
1:M 05 Jun 2020 06:52:42.049 * Background saving started by pid 20
20:C 05 Jun 2020 06:52:42.057 * DB saved on disk
20:C 05 Jun 2020 06:52:42.059 * RDB: 0 MB of memory used by copy-on-write
1:M 05 Jun 2020 06:52:42.151 * Background saving terminated with success
1:M 05 Jun 2020 06:57:43.024 * 10 changes in 300 seconds. Saving...
1:M 05 Jun 2020 06:57:43.037 * Background saving started by pid 21
21:C 05 Jun 2020 06:57:43.079 * DB saved on disk
21:C 05 Jun 2020 06:57:43.082 * RDB: 0 MB of memory used by copy-on-write
1:M 05 Jun 2020 06:57:43.141 * Background saving terminated with success
1:M 05 Jun 2020 07:43:55.396 * 1 changes in 900 seconds. Saving...
1:M 05 Jun 2020 07:43:55.410 * Background saving started by pid 22
22:C 05 Jun 2020 07:43:55.433 * DB saved on disk
22:C 05 Jun 2020 07:43:55.437 * RDB: 0 MB of memory used by copy-on-write
1:M 05 Jun 2020 07:43:55.514 * Background saving terminated with success
1:C 05 Jun 2020 08:37:35.192 # oO0OoO0OoO0Oo Redis is starting oO0OoO0OoO0Oo
1:C 05 Jun 2020 08:37:35.300 # Redis version=6.0.4, bits=64, commit=00000000, modified=0, pid=1, just started
1:C 05 Jun 2020 08:37:35.303 # Configuration loaded
1:M 05 Jun 2020 08:37:35.343 * Running mode=standalone, port=6379.
1:M 05 Jun 2020 08:37:35.346 # WARNING: The TCP backlog setting of 511 cannot be enforced because /proc/sys/net/core/somaxconn is set to the lower value of 128.
1:M 05 Jun 2020 08:37:35.354 # Server initialized
1:M 05 Jun 2020 08:37:35.359 # WARNING you have Transparent Huge Pages (THP) support enabled in your kernel. This will create latency and memory usage issues with Redis. To fix this issue run the command 'echo never > /sys/kernel/mm/transparent_hugepage/enabled' as root, and add it to your /etc/rc.local in order to retain the setting after a reboot. Redis must be restarted after THP is disabled.
1:M 05 Jun 2020 08:37:35.389 * DB loaded from append only file: 0.024 seconds
1:M 05 Jun 2020 08:37:35.394 * Ready to accept connections
1:M 05 Jun 2020 08:42:36.039 * 10 changes in 300 seconds. Saving...
1:M 05 Jun 2020 08:42:36.043 * Background saving started by pid 20
20:C 05 Jun 2020 08:42:36.062 * DB saved on disk
20:C 05 Jun 2020 08:42:36.065 * RDB: 0 MB of memory used by copy-on-write
1:M 05 Jun 2020 08:42:36.145 * Background saving terminated with success
1:M 05 Jun 2020 08:53:35.658 * 10 changes in 300 seconds. Saving...
1:M 05 Jun 2020 08:53:35.660 * Background saving started by pid 21
21:C 05 Jun 2020 08:53:35.673 * DB saved on disk
21:C 05 Jun 2020 08:53:35.675 * RDB: 0 MB of memory used by copy-on-write
1:M 05 Jun 2020 08:53:35.762 * Background saving terminated with success
1:C 05 Jun 2020 23:38:21.912 # oO0OoO0OoO0Oo Redis is starting oO0OoO0OoO0Oo
1:C 05 Jun 2020 23:38:21.914 # Redis version=6.0.4, bits=64, commit=00000000, modified=0, pid=1, just started
1:C 05 Jun 2020 23:38:21.915 # Configuration loaded
1:M 05 Jun 2020 23:38:21.923 * Running mode=standalone, port=6379.
1:M 05 Jun 2020 23:38:21.924 # WARNING: The TCP backlog setting of 511 cannot be enforced because /proc/sys/net/core/somaxconn is set to the lower value of 128.
1:M 05 Jun 2020 23:38:21.926 # Server initialized
1:M 05 Jun 2020 23:38:21.928 # WARNING you have Transparent Huge Pages (THP) support enabled in your kernel. This will create latency and memory usage issues with Redis. To fix this issue run the command 'echo never > /sys/kernel/mm/transparent_hugepage/enabled' as root, and add it to your /etc/rc.local in order to retain the setting after a reboot. Redis must be restarted after THP is disabled.
1:M 05 Jun 2020 23:38:21.938 * DB loaded from append only file: 0.008 seconds
1:M 05 Jun 2020 23:38:21.939 * Ready to accept connections
1:M 05 Jun 2020 23:43:22.022 * 10 changes in 300 seconds. Saving...
1:M 05 Jun 2020 23:43:22.025 * Background saving started by pid 23
23:C 05 Jun 2020 23:43:22.034 * DB saved on disk
23:C 05 Jun 2020 23:43:22.036 * RDB: 0 MB of memory used by copy-on-write
1:M 05 Jun 2020 23:43:22.132 * Background saving terminated with success
1:C 13 Jun 2020 00:32:08.484 # oO0OoO0OoO0Oo Redis is starting oO0OoO0OoO0Oo
1:C 13 Jun 2020 00:32:08.492 # Redis version=6.0.5, bits=64, commit=00000000, modified=0, pid=1, just started
1:C 13 Jun 2020 00:32:08.494 # Configuration loaded
1:M 13 Jun 2020 00:32:08.498 * Running mode=standalone, port=6379.
1:M 13 Jun 2020 00:32:08.501 # WARNING: The TCP backlog setting of 511 cannot be enforced because /proc/sys/net/core/somaxconn is set to the lower value of 128.
1:M 13 Jun 2020 00:32:08.503 # Server initialized
1:M 13 Jun 2020 00:32:08.506 # WARNING you have Transparent Huge Pages (THP) support enabled in your kernel. This will create latency and memory usage issues with Redis. To fix this issue run the command 'echo never > /sys/kernel/mm/transparent_hugepage/enabled' as root, and add it to your /etc/rc.local in order to retain the setting after a reboot. Redis must be restarted after THP is disabled.
1:M 13 Jun 2020 00:32:08.535 * DB loaded from append only file: 0.024 seconds
1:M 13 Jun 2020 00:32:08.537 * Ready to accept connections
1:M 13 Jun 2020 00:37:09.050 * 10 changes in 300 seconds. Saving...
1:M 13 Jun 2020 00:37:09.053 * Background saving started by pid 19
19:C 13 Jun 2020 00:37:09.063 * DB saved on disk
19:C 13 Jun 2020 00:37:09.064 * RDB: 0 MB of memory used by copy-on-write
1:M 13 Jun 2020 00:37:09.155 * Background saving terminated with success
1:C 13 Jun 2020 05:36:18.904 # oO0OoO0OoO0Oo Redis is starting oO0OoO0OoO0Oo
1:C 13 Jun 2020 05:36:18.920 # Redis version=6.0.5, bits=64, commit=00000000, modified=0, pid=1, just started
1:C 13 Jun 2020 05:36:18.926 # Configuration loaded
1:M 13 Jun 2020 05:36:18.937 * Running mode=standalone, port=6379.
1:M 13 Jun 2020 05:36:18.940 # WARNING: The TCP backlog setting of 511 cannot be enforced because /proc/sys/net/core/somaxconn is set to the lower value of 128.
1:M 13 Jun 2020 05:36:18.943 # Server initialized
1:M 13 Jun 2020 05:36:18.946 # WARNING you have Transparent Huge Pages (THP) support enabled in your kernel. This will create latency and memory usage issues with Redis. To fix this issue run the command 'echo never > /sys/kernel/mm/transparent_hugepage/enabled' as root, and add it to your /etc/rc.local in order to retain the setting after a reboot. Redis must be restarted after THP is disabled.
1:M 13 Jun 2020 05:36:18.967 * DB loaded from append only file: 0.018 seconds
1:M 13 Jun 2020 05:36:18.973 * Ready to accept connections
1:M 13 Jun 2020 05:41:19.086 * 10 changes in 300 seconds. Saving...
1:M 13 Jun 2020 05:41:19.098 * Background saving started by pid 18
18:C 13 Jun 2020 05:41:19.116 * DB saved on disk
18:C 13 Jun 2020 05:41:19.119 * RDB: 0 MB of memory used by copy-on-write
1:M 13 Jun 2020 05:41:19.202 * Background saving terminated with success
1:C 14 Jun 2020 23:41:33.632 # oO0OoO0OoO0Oo Redis is starting oO0OoO0OoO0Oo
1:C 14 Jun 2020 23:41:33.636 # Redis version=6.0.5, bits=64, commit=00000000, modified=0, pid=1, just started
1:C 14 Jun 2020 23:41:33.638 # Configuration loaded
1:M 14 Jun 2020 23:41:33.646 * Running mode=standalone, port=6379.
1:M 14 Jun 2020 23:41:33.648 # WARNING: The TCP backlog setting of 511 cannot be enforced because /proc/sys/net/core/somaxconn is set to the lower value of 128.
1:M 14 Jun 2020 23:41:33.651 # Server initialized
1:M 14 Jun 2020 23:41:33.656 # WARNING you have Transparent Huge Pages (THP) support enabled in your kernel. This will create latency and memory usage issues with Redis. To fix this issue run the command 'echo never > /sys/kernel/mm/transparent_hugepage/enabled' as root, and add it to your /etc/rc.local in order to retain the setting after a reboot. Redis must be restarted after THP is disabled.
1:M 14 Jun 2020 23:41:33.681 * DB loaded from append only file: 0.020 seconds
1:M 14 Jun 2020 23:41:33.689 * Ready to accept connections
1:M 14 Jun 2020 23:46:34.079 * 10 changes in 300 seconds. Saving...
1:M 14 Jun 2020 23:46:34.083 * Background saving started by pid 20
20:C 14 Jun 2020 23:46:34.088 * DB saved on disk
20:C 14 Jun 2020 23:46:34.091 * RDB: 0 MB of memory used by copy-on-write
1:M 14 Jun 2020 23:46:34.185 * Background saving terminated with success
1:C 16 Jun 2020 09:10:13.903 # oO0OoO0OoO0Oo Redis is starting oO0OoO0OoO0Oo
1:C 16 Jun 2020 09:10:13.925 # Redis version=6.0.5, bits=64, commit=00000000, modified=0, pid=1, just started
1:C 16 Jun 2020 09:10:13.927 # Configuration loaded
1:M 16 Jun 2020 09:10:13.947 * Running mode=standalone, port=6379.
1:M 16 Jun 2020 09:10:13.950 # WARNING: The TCP backlog setting of 511 cannot be enforced because /proc/sys/net/core/somaxconn is set to the lower value of 128.
1:M 16 Jun 2020 09:10:13.955 # Server initialized
1:M 16 Jun 2020 09:10:13.959 # WARNING you have Transparent Huge Pages (THP) support enabled in your kernel. This will create latency and memory usage issues with Redis. To fix this issue run the command 'echo never > /sys/kernel/mm/transparent_hugepage/enabled' as root, and add it to your /etc/rc.local in order to retain the setting after a reboot. Redis must be restarted after THP is disabled.
1:M 16 Jun 2020 09:10:13.986 * DB loaded from append only file: 0.021 seconds
1:M 16 Jun 2020 09:10:13.990 * Ready to accept connections
1:M 16 Jun 2020 09:15:14.005 * 10 changes in 300 seconds. Saving...
1:M 16 Jun 2020 09:15:14.011 * Background saving started by pid 19
19:C 16 Jun 2020 09:15:14.017 * DB saved on disk
19:C 16 Jun 2020 09:15:14.020 * RDB: 0 MB of memory used by copy-on-write
1:M 16 Jun 2020 09:15:14.114 * Background saving terminated with success
1:C 16 Jun 2020 23:30:35.478 # oO0OoO0OoO0Oo Redis is starting oO0OoO0OoO0Oo
1:C 16 Jun 2020 23:30:35.483 # Redis version=6.0.5, bits=64, commit=00000000, modified=0, pid=1, just started
1:C 16 Jun 2020 23:30:35.493 # Configuration loaded
1:M 16 Jun 2020 23:30:35.504 * Running mode=standalone, port=6379.
1:M 16 Jun 2020 23:30:35.507 # WARNING: The TCP backlog setting of 511 cannot be enforced because /proc/sys/net/core/somaxconn is set to the lower value of 128.
1:M 16 Jun 2020 23:30:35.509 # Server initialized
1:M 16 Jun 2020 23:30:35.512 # WARNING you have Transparent Huge Pages (THP) support enabled in your kernel. This will create latency and memory usage issues with Redis. To fix this issue run the command 'echo never > /sys/kernel/mm/transparent_hugepage/enabled' as root, and add it to your /etc/rc.local in order to retain the setting after a reboot. Redis must be restarted after THP is disabled.
1:M 16 Jun 2020 23:30:35.531 * DB loaded from append only file: 0.016 seconds
1:M 16 Jun 2020 23:30:35.533 * Ready to accept connections
1:M 16 Jun 2020 23:35:36.041 * 10 changes in 300 seconds. Saving...
1:M 16 Jun 2020 23:35:36.045 * Background saving started by pid 19
19:C 16 Jun 2020 23:35:36.048 * DB saved on disk
19:C 16 Jun 2020 23:35:36.050 * RDB: 0 MB of memory used by copy-on-write
1:M 16 Jun 2020 23:35:36.150 * Background saving terminated with success
1:C 17 Jun 2020 00:02:04.390 # oO0OoO0OoO0Oo Redis is starting oO0OoO0OoO0Oo
1:C 17 Jun 2020 00:02:04.443 # Redis version=6.0.5, bits=64, commit=00000000, modified=0, pid=1, just started
1:C 17 Jun 2020 00:02:04.467 # Configuration loaded
1:M 17 Jun 2020 00:02:04.484 * Running mode=standalone, port=6379.
1:M 17 Jun 2020 00:02:04.494 # WARNING: The TCP backlog setting of 511 cannot be enforced because /proc/sys/net/core/somaxconn is set to the lower value of 128.
1:M 17 Jun 2020 00:02:04.512 # Server initialized
1:M 17 Jun 2020 00:02:04.541 # WARNING you have Transparent Huge Pages (THP) support enabled in your kernel. This will create latency and memory usage issues with Redis. To fix this issue run the command 'echo never > /sys/kernel/mm/transparent_hugepage/enabled' as root, and add it to your /etc/rc.local in order to retain the setting after a reboot. Redis must be restarted after THP is disabled.
1:M 17 Jun 2020 00:02:05.028 * DB loaded from append only file: 0.458 seconds
1:M 17 Jun 2020 00:02:05.054 * Ready to accept connections
1:M 17 Jun 2020 00:07:05.041 * 10 changes in 300 seconds. Saving...
1:M 17 Jun 2020 00:07:05.045 * Background saving started by pid 19
19:C 17 Jun 2020 00:07:05.049 * DB saved on disk
19:C 17 Jun 2020 00:07:05.052 * RDB: 0 MB of memory used by copy-on-write
1:M 17 Jun 2020 00:07:05.150 * Background saving terminated with success
